[0.648s] Invoking command in '/home/ubuntu/desktop/ros2_work/Adv_Sim/build/py_pkg': DEBUGINFOD_URLS=https://debuginfod.ubuntu.com PYTHONPATH=/home/ubuntu/desktop/ros2_work/Adv_Sim/build/py_pkg/prefix_override:/usr/lib/python3/dist-packages/colcon_core/task/python/colcon_distutils_commands:/home/ubuntu/desktop/ros2_work/Adv_Sim/install/py_pkg/lib/python3.12/site-packages:${PYTHONPATH} /usr/bin/python3 -W ignore:setup.py install is deprecated -W ignore:easy_install command is deprecated setup.py develop --uninstall --editable --build-directory /home/ubuntu/desktop/ros2_work/Adv_Sim/build/py_pkg/build
[0.798s] running develop
[0.892s] Removing /home/ubuntu/desktop/ros2_work/Adv_Sim/install/py_pkg/lib/python3.12/site-packages/py-pkg.egg-link (link to .)
[0.893s] Link points to ['/home/ubuntu/desktop/ros2_work/adv_sim/build/py_pkg', '.']: uninstall aborted
[0.912s] Invoked command in '/home/ubuntu/desktop/ros2_work/Adv_Sim/build/py_pkg' returned '0': DEBUGINFOD_URLS=https://debuginfod.ubuntu.com PYTHONPATH=/home/ubuntu/desktop/ros2_work/Adv_Sim/build/py_pkg/prefix_override:/usr/lib/python3/dist-packages/colcon_core/task/python/colcon_distutils_commands:/home/ubuntu/desktop/ros2_work/Adv_Sim/install/py_pkg/lib/python3.12/site-packages:${PYTHONPATH} /usr/bin/python3 -W ignore:setup.py install is deprecated -W ignore:easy_install command is deprecated setup.py develop --uninstall --editable --build-directory /home/ubuntu/desktop/ros2_work/Adv_Sim/build/py_pkg/build
[0.913s] Invoking command in '/home/ubuntu/desktop/ros2_work/Adv_Sim/src/py_pkg': DEBUGINFOD_URLS=https://debuginfod.ubuntu.com PYTHONPATH=/home/ubuntu/desktop/ros2_work/Adv_Sim/build/py_pkg/prefix_override:/usr/lib/python3/dist-packages/colcon_core/task/python/colcon_distutils_commands:/home/ubuntu/desktop/ros2_work/Adv_Sim/install/py_pkg/lib/python3.12/site-packages:${PYTHONPATH} /usr/bin/python3 -W ignore:setup.py install is deprecated -W ignore:easy_install command is deprecated setup.py egg_info --egg-base ../../build/py_pkg build --build-base /home/ubuntu/desktop/ros2_work/Adv_Sim/build/py_pkg/build install --record /home/ubuntu/desktop/ros2_work/Adv_Sim/build/py_pkg/install.log --single-version-externally-managed install_data --force
[1.041s] running egg_info
[1.048s] writing ../../build/py_pkg/py_pkg.egg-info/PKG-INFO
[1.049s] writing dependency_links to ../../build/py_pkg/py_pkg.egg-info/dependency_links.txt
[1.049s] writing entry points to ../../build/py_pkg/py_pkg.egg-info/entry_points.txt
[1.050s] writing requirements to ../../build/py_pkg/py_pkg.egg-info/requires.txt
[1.051s] writing top-level names to ../../build/py_pkg/py_pkg.egg-info/top_level.txt
[1.069s] reading manifest file '../../build/py_pkg/py_pkg.egg-info/SOURCES.txt'
[1.070s] writing manifest file '../../build/py_pkg/py_pkg.egg-info/SOURCES.txt'
[1.070s] running build
[1.071s] running build_py
[1.072s] running install
[1.074s] running install_lib
[1.081s] creating /home/ubuntu/desktop/ros2_work/Adv_Sim/install/py_pkg/lib/python3.12/site-packages/py_pkg
[1.082s] copying /home/ubuntu/desktop/ros2_work/Adv_Sim/build/py_pkg/build/lib/py_pkg/keyboard_input.py -> /home/ubuntu/desktop/ros2_work/Adv_Sim/install/py_pkg/lib/python3.12/site-packages/py_pkg
[1.083s] copying /home/ubuntu/desktop/ros2_work/Adv_Sim/build/py_pkg/build/lib/py_pkg/__init__.py -> /home/ubuntu/desktop/ros2_work/Adv_Sim/install/py_pkg/lib/python3.12/site-packages/py_pkg
[1.083s] copying /home/ubuntu/desktop/ros2_work/Adv_Sim/build/py_pkg/build/lib/py_pkg/motor_output.py -> /home/ubuntu/desktop/ros2_work/Adv_Sim/install/py_pkg/lib/python3.12/site-packages/py_pkg
[1.086s] byte-compiling /home/ubuntu/desktop/ros2_work/Adv_Sim/install/py_pkg/lib/python3.12/site-packages/py_pkg/keyboard_input.py to keyboard_input.cpython-312.pyc
[1.088s] byte-compiling /home/ubuntu/desktop/ros2_work/Adv_Sim/install/py_pkg/lib/python3.12/site-packages/py_pkg/__init__.py to __init__.cpython-312.pyc
[1.089s] byte-compiling /home/ubuntu/desktop/ros2_work/Adv_Sim/install/py_pkg/lib/python3.12/site-packages/py_pkg/motor_output.py to motor_output.cpython-312.pyc
[1.090s] running install_data
[1.091s] copying resource/py_pkg -> /home/ubuntu/desktop/ros2_work/Adv_Sim/install/py_pkg/share/ament_index/resource_index/packages
[1.092s] copying package.xml -> /home/ubuntu/desktop/ros2_work/Adv_Sim/install/py_pkg/share/py_pkg
[1.093s] running install_egg_info
[1.102s] Copying ../../build/py_pkg/py_pkg.egg-info to /home/ubuntu/desktop/ros2_work/Adv_Sim/install/py_pkg/lib/python3.12/site-packages/py_pkg-0.0.0-py3.12.egg-info
[1.107s] running install_scripts
[1.169s] Installing keyboard_input script to /home/ubuntu/desktop/ros2_work/Adv_Sim/install/py_pkg/lib/py_pkg
[1.170s] Installing reciever script to /home/ubuntu/desktop/ros2_work/Adv_Sim/install/py_pkg/lib/py_pkg
[1.171s] writing list of installed files to '/home/ubuntu/desktop/ros2_work/Adv_Sim/build/py_pkg/install.log'
[1.189s] Invoked command in '/home/ubuntu/desktop/ros2_work/Adv_Sim/src/py_pkg' returned '0': DEBUGINFOD_URLS=https://debuginfod.ubuntu.com PYTHONPATH=/home/ubuntu/desktop/ros2_work/Adv_Sim/build/py_pkg/prefix_override:/usr/lib/python3/dist-packages/colcon_core/task/python/colcon_distutils_commands:/home/ubuntu/desktop/ros2_work/Adv_Sim/install/py_pkg/lib/python3.12/site-packages:${PYTHONPATH} /usr/bin/python3 -W ignore:setup.py install is deprecated -W ignore:easy_install command is deprecated setup.py egg_info --egg-base ../../build/py_pkg build --build-base /home/ubuntu/desktop/ros2_work/Adv_Sim/build/py_pkg/build install --record /home/ubuntu/desktop/ros2_work/Adv_Sim/build/py_pkg/install.log --single-version-externally-managed install_data --force
