[0.534s] Invoking command in '/home/ubuntu/desktop/ros2_work/Adv_Sim/build/sim_launch': PYTHONPATH=/home/ubuntu/desktop/ros2_work/Adv_Sim/build/sim_launch/prefix_override:/usr/lib/python3/dist-packages/colcon_core/task/python/colcon_distutils_commands:/home/ubuntu/desktop/ros2_work/Adv_Sim/install/sim_launch/lib/python3.12/site-packages:${PYTHONPATH} /usr/bin/python3 -W ignore:setup.py install is deprecated -W ignore:easy_install command is deprecated setup.py develop --uninstall --editable --build-directory /home/ubuntu/desktop/ros2_work/Adv_Sim/build/sim_launch/build
[0.670s] running develop
[0.767s] Removing /home/ubuntu/desktop/ros2_work/Adv_Sim/install/sim_launch/lib/python3.12/site-packages/sim-launch.egg-link (link to .)
[0.767s] Link points to ['/home/ubuntu/desktop/ros2_work/Adv_Sim/build/sim_launch', '.']: uninstall aborted
[0.786s] Invoked command in '/home/ubuntu/desktop/ros2_work/Adv_Sim/build/sim_launch' returned '0': PYTHONPATH=/home/ubuntu/desktop/ros2_work/Adv_Sim/build/sim_launch/prefix_override:/usr/lib/python3/dist-packages/colcon_core/task/python/colcon_distutils_commands:/home/ubuntu/desktop/ros2_work/Adv_Sim/install/sim_launch/lib/python3.12/site-packages:${PYTHONPATH} /usr/bin/python3 -W ignore:setup.py install is deprecated -W ignore:easy_install command is deprecated setup.py develop --uninstall --editable --build-directory /home/ubuntu/desktop/ros2_work/Adv_Sim/build/sim_launch/build
[0.787s] Invoking command in '/home/ubuntu/desktop/ros2_work/Adv_Sim/src/sim_launch': PYTHONPATH=/home/ubuntu/desktop/ros2_work/Adv_Sim/build/sim_launch/prefix_override:/usr/lib/python3/dist-packages/colcon_core/task/python/colcon_distutils_commands:/home/ubuntu/desktop/ros2_work/Adv_Sim/install/sim_launch/lib/python3.12/site-packages:${PYTHONPATH} /usr/bin/python3 -W ignore:setup.py install is deprecated -W ignore:easy_install command is deprecated setup.py egg_info --egg-base ../../build/sim_launch build --build-base /home/ubuntu/desktop/ros2_work/Adv_Sim/build/sim_launch/build install --record /home/ubuntu/desktop/ros2_work/Adv_Sim/build/sim_launch/install.log --single-version-externally-managed install_data --force
[0.895s] running egg_info
[0.901s] writing ../../build/sim_launch/sim_launch.egg-info/PKG-INFO
[0.902s] writing dependency_links to ../../build/sim_launch/sim_launch.egg-info/dependency_links.txt
[0.903s] writing requirements to ../../build/sim_launch/sim_launch.egg-info/requires.txt
[0.903s] writing top-level names to ../../build/sim_launch/sim_launch.egg-info/top_level.txt
[0.917s] reading manifest file '../../build/sim_launch/sim_launch.egg-info/SOURCES.txt'
[0.918s] writing manifest file '../../build/sim_launch/sim_launch.egg-info/SOURCES.txt'
[0.919s] running build
[0.919s] running build_py
[0.919s] running install
[0.922s] running install_lib
[0.929s] creating /home/ubuntu/desktop/ros2_work/Adv_Sim/install/sim_launch/lib/python3.12/site-packages/sim_launch
[0.929s] copying /home/ubuntu/desktop/ros2_work/Adv_Sim/build/sim_launch/build/lib/sim_launch/__init__.py -> /home/ubuntu/desktop/ros2_work/Adv_Sim/install/sim_launch/lib/python3.12/site-packages/sim_launch
[0.930s] byte-compiling /home/ubuntu/desktop/ros2_work/Adv_Sim/install/sim_launch/lib/python3.12/site-packages/sim_launch/__init__.py to __init__.cpython-312.pyc
[0.931s] running install_data
[0.931s] copying resource/sim_launch -> /home/ubuntu/desktop/ros2_work/Adv_Sim/install/sim_launch/share/ament_index/resource_index/packages
[0.932s] copying package.xml -> /home/ubuntu/desktop/ros2_work/Adv_Sim/install/sim_launch/share/sim_launch
[0.934s] copying launch/launch_code.py -> /home/ubuntu/desktop/ros2_work/Adv_Sim/install/sim_launch/share/sim_launch/launch
[0.934s] running install_egg_info
[0.942s] Copying ../../build/sim_launch/sim_launch.egg-info to /home/ubuntu/desktop/ros2_work/Adv_Sim/install/sim_launch/lib/python3.12/site-packages/sim_launch-0.0.0-py3.12.egg-info
[0.949s] running install_scripts
[1.004s] writing list of installed files to '/home/ubuntu/desktop/ros2_work/Adv_Sim/build/sim_launch/install.log'
[1.018s] Invoked command in '/home/ubuntu/desktop/ros2_work/Adv_Sim/src/sim_launch' returned '0': PYTHONPATH=/home/ubuntu/desktop/ros2_work/Adv_Sim/build/sim_launch/prefix_override:/usr/lib/python3/dist-packages/colcon_core/task/python/colcon_distutils_commands:/home/ubuntu/desktop/ros2_work/Adv_Sim/install/sim_launch/lib/python3.12/site-packages:${PYTHONPATH} /usr/bin/python3 -W ignore:setup.py install is deprecated -W ignore:easy_install command is deprecated setup.py egg_info --egg-base ../../build/sim_launch build --build-base /home/ubuntu/desktop/ros2_work/Adv_Sim/build/sim_launch/build install --record /home/ubuntu/desktop/ros2_work/Adv_Sim/build/sim_launch/install.log --single-version-externally-managed install_data --force
