[0.046s] DEBUG:colcon:Command line arguments: ['/usr/bin/colcon', 'build', '--symlink-install']
[0.046s] DEBUG:colcon:Parsed command line arguments: Namespace(log_base=None, log_level=None, verb_name='build', build_base='build', install_base='install', merge_install=False, symlink_install=True, test_result_base=None, continue_on_error=False, executor='parallel', parallel_workers=10, event_handlers=None, ignore_user_meta=False, metas=['./colcon.meta'], base_paths=['.'], packages_ignore=None, packages_ignore_regex=None, paths=None, packages_up_to=None, packages_up_to_regex=None, packages_above=None, packages_above_and_dependencies=None, packages_above_depth=None, packages_select_by_dep=None, packages_skip_by_dep=None, packages_skip_up_to=None, packages_select_build_failed=False, packages_skip_build_finished=False, packages_select_test_failures=False, packages_skip_test_passed=False, packages_select=None, packages_skip=None, packages_select_regex=None, packages_skip_regex=None, packages_start=None, packages_end=None, allow_overriding=[], cmake_args=None, cmake_target=None, cmake_target_skip_unavailable=False, cmake_clean_cache=False, cmake_clean_first=False, cmake_force_configure=False, ament_cmake_args=None, catkin_cmake_args=None, catkin_skip_building_tests=False, verb_parser=<colcon_defaults.argument_parser.defaults.DefaultArgumentsDecorator object at 0xffffa2c77ce0>, verb_extension=<colcon_core.verb.build.BuildVerb object at 0xffffa2e264b0>, main=<bound method BuildVerb.main of <colcon_core.verb.build.BuildVerb object at 0xffffa2e264b0>>)
[0.065s] Level 1:colcon.colcon_core.package_discovery:discover_packages(colcon_meta) check parameters
[0.066s] Level 1:colcon.colcon_core.package_discovery:discover_packages(recursive) check parameters
[0.066s] Level 1:colcon.colcon_core.package_discovery:discover_packages(ignore) check parameters
[0.066s] Level 1:colcon.colcon_core.package_discovery:discover_packages(path) check parameters
[0.066s] Level 1:colcon.colcon_core.package_discovery:discover_packages(colcon_meta) discover
[0.066s] Level 1:colcon.colcon_core.package_discovery:discover_packages(recursive) discover
[0.066s] INFO:colcon.colcon_core.package_discovery:Crawling recursively for packages in '/home/ubuntu/desktop/ros2_work/adv_sim'
[0.066s] Level 1:colcon.colcon_core.package_identification:_identify(.) by extensions ['ignore', 'ignore_ament_install']
[0.066s] Level 1:colcon.colcon_core.package_identification:_identify(.) by extension 'ignore'
[0.066s] Level 1:colcon.colcon_core.package_identification:_identify(.) by extension 'ignore_ament_install'
[0.066s] Level 1:colcon.colcon_core.package_identification:_identify(.) by extensions ['colcon_pkg']
[0.066s] Level 1:colcon.colcon_core.package_identification:_identify(.) by extension 'colcon_pkg'
[0.067s] Level 1:colcon.colcon_core.package_identification:_identify(.) by extensions ['colcon_meta']
[0.067s] Level 1:colcon.colcon_core.package_identification:_identify(.) by extension 'colcon_meta'
[0.067s] Level 1:colcon.colcon_core.package_identification:_identify(.) by extensions ['ros']
[0.067s] Level 1:colcon.colcon_core.package_identification:_identify(.) by extension 'ros'
[0.079s] Level 1:colcon.colcon_core.package_identification:_identify(.) by extensions ['cmake', 'python']
[0.079s] Level 1:colcon.colcon_core.package_identification:_identify(.) by extension 'cmake'
[0.079s] Level 1:colcon.colcon_core.package_identification:_identify(.) by extension 'python'
[0.079s] Level 1:colcon.colcon_core.package_identification:_identify(.) by extensions ['python_setup_py']
[0.079s] Level 1:colcon.colcon_core.package_identification:_identify(.) by extension 'python_setup_py'
[0.080s] Level 1:colcon.colcon_core.package_identification:_identify(build) by extensions ['ignore', 'ignore_ament_install']
[0.080s] Level 1:colcon.colcon_core.package_identification:_identify(build) by extension 'ignore'
[0.080s] Level 1:colcon.colcon_core.package_identification:_identify(build) ignored
[0.080s] Level 1:colcon.colcon_core.package_identification:_identify(install) by extensions ['ignore', 'ignore_ament_install']
[0.080s] Level 1:colcon.colcon_core.package_identification:_identify(install) by extension 'ignore'
[0.080s] Level 1:colcon.colcon_core.package_identification:_identify(install) ignored
[0.081s] Level 1:colcon.colcon_core.package_identification:_identify(log) by extensions ['ignore', 'ignore_ament_install']
[0.081s] Level 1:colcon.colcon_core.package_identification:_identify(log) by extension 'ignore'
[0.081s] Level 1:colcon.colcon_core.package_identification:_identify(log) ignored
[0.081s] Level 1:colcon.colcon_core.package_identification:_identify(src) by extensions ['ignore', 'ignore_ament_install']
[0.081s] Level 1:colcon.colcon_core.package_identification:_identify(src) by extension 'ignore'
[0.081s] Level 1:colcon.colcon_core.package_identification:_identify(src) by extension 'ignore_ament_install'
[0.081s] Level 1:colcon.colcon_core.package_identification:_identify(src) by extensions ['colcon_pkg']
[0.081s] Level 1:colcon.colcon_core.package_identification:_identify(src) by extension 'colcon_pkg'
[0.081s] Level 1:colcon.colcon_core.package_identification:_identify(src) by extensions ['colcon_meta']
[0.082s] Level 1:colcon.colcon_core.package_identification:_identify(src) by extension 'colcon_meta'
[0.082s] Level 1:colcon.colcon_core.package_identification:_identify(src) by extensions ['ros']
[0.082s] Level 1:colcon.colcon_core.package_identification:_identify(src) by extension 'ros'
[0.082s] Level 1:colcon.colcon_core.package_identification:_identify(src) by extensions ['cmake', 'python']
[0.082s] Level 1:colcon.colcon_core.package_identification:_identify(src) by extension 'cmake'
[0.082s] Level 1:colcon.colcon_core.package_identification:_identify(src) by extension 'python'
[0.082s] Level 1:colcon.colcon_core.package_identification:_identify(src) by extensions ['python_setup_py']
[0.082s] Level 1:colcon.colcon_core.package_identification:_identify(src) by extension 'python_setup_py'
[0.082s] Level 1:colcon.colcon_core.package_identification:_identify(src/py_pkg) by extensions ['ignore', 'ignore_ament_install']
[0.082s] Level 1:colcon.colcon_core.package_identification:_identify(src/py_pkg) by extension 'ignore'
[0.082s] Level 1:colcon.colcon_core.package_identification:_identify(src/py_pkg) by extension 'ignore_ament_install'
[0.083s] Level 1:colcon.colcon_core.package_identification:_identify(src/py_pkg) by extensions ['colcon_pkg']
[0.083s] Level 1:colcon.colcon_core.package_identification:_identify(src/py_pkg) by extension 'colcon_pkg'
[0.083s] Level 1:colcon.colcon_core.package_identification:_identify(src/py_pkg) by extensions ['colcon_meta']
[0.083s] Level 1:colcon.colcon_core.package_identification:_identify(src/py_pkg) by extension 'colcon_meta'
[0.083s] Level 1:colcon.colcon_core.package_identification:_identify(src/py_pkg) by extensions ['ros']
[0.083s] Level 1:colcon.colcon_core.package_identification:_identify(src/py_pkg) by extension 'ros'
[0.084s] DEBUG:colcon.colcon_core.package_identification:Package 'src/py_pkg' with type 'ros.ament_python' and name 'py_pkg'
[0.085s] Level 1:colcon.colcon_core.package_identification:_identify(src/rov_sim) by extensions ['ignore', 'ignore_ament_install']
[0.085s] Level 1:colcon.colcon_core.package_identification:_identify(src/rov_sim) by extension 'ignore'
[0.085s] Level 1:colcon.colcon_core.package_identification:_identify(src/rov_sim) by extension 'ignore_ament_install'
[0.085s] Level 1:colcon.colcon_core.package_identification:_identify(src/rov_sim) by extensions ['colcon_pkg']
[0.085s] Level 1:colcon.colcon_core.package_identification:_identify(src/rov_sim) by extension 'colcon_pkg'
[0.085s] Level 1:colcon.colcon_core.package_identification:_identify(src/rov_sim) by extensions ['colcon_meta']
[0.085s] Level 1:colcon.colcon_core.package_identification:_identify(src/rov_sim) by extension 'colcon_meta'
[0.085s] Level 1:colcon.colcon_core.package_identification:_identify(src/rov_sim) by extensions ['ros']
[0.085s] Level 1:colcon.colcon_core.package_identification:_identify(src/rov_sim) by extension 'ros'
[0.085s] DEBUG:colcon.colcon_core.package_identification:Package 'src/rov_sim' with type 'ros.ament_cmake' and name 'rov_sim'
[0.086s] Level 1:colcon.colcon_core.package_identification:_identify(src/sim_launch) by extensions ['ignore', 'ignore_ament_install']
[0.086s] Level 1:colcon.colcon_core.package_identification:_identify(src/sim_launch) by extension 'ignore'
[0.086s] Level 1:colcon.colcon_core.package_identification:_identify(src/sim_launch) by extension 'ignore_ament_install'
[0.086s] Level 1:colcon.colcon_core.package_identification:_identify(src/sim_launch) by extensions ['colcon_pkg']
[0.086s] Level 1:colcon.colcon_core.package_identification:_identify(src/sim_launch) by extension 'colcon_pkg'
[0.086s] Level 1:colcon.colcon_core.package_identification:_identify(src/sim_launch) by extensions ['colcon_meta']
[0.086s] Level 1:colcon.colcon_core.package_identification:_identify(src/sim_launch) by extension 'colcon_meta'
[0.086s] Level 1:colcon.colcon_core.package_identification:_identify(src/sim_launch) by extensions ['ros']
[0.086s] Level 1:colcon.colcon_core.package_identification:_identify(src/sim_launch) by extension 'ros'
[0.087s] DEBUG:colcon.colcon_core.package_identification:Package 'src/sim_launch' with type 'ros.ament_python' and name 'sim_launch'
[0.087s] Level 1:colcon.colcon_core.package_discovery:discover_packages(recursive) using defaults
[0.087s] Level 1:colcon.colcon_core.package_discovery:discover_packages(ignore) discover
[0.087s] Level 1:colcon.colcon_core.package_discovery:discover_packages(ignore) using defaults
[0.087s] Level 1:colcon.colcon_core.package_discovery:discover_packages(path) discover
[0.087s] Level 1:colcon.colcon_core.package_discovery:discover_packages(path) using defaults
[0.095s] Level 1:colcon.colcon_core.package_discovery:discover_packages(prefix_path) check parameters
[0.095s] Level 1:colcon.colcon_core.package_discovery:discover_packages(prefix_path) discover
[0.096s] DEBUG:colcon.colcon_installed_package_information.package_discovery:Found 315 installed packages in /opt/ros/jazzy
[0.097s] Level 1:colcon.colcon_core.package_discovery:discover_packages(prefix_path) using defaults
[0.115s] Level 5:colcon.colcon_core.verb:set package 'py_pkg' build argument 'cmake_args' from command line to 'None'
[0.115s] Level 5:colcon.colcon_core.verb:set package 'py_pkg' build argument 'cmake_target' from command line to 'None'
[0.115s] Level 5:colcon.colcon_core.verb:set package 'py_pkg' build argument 'cmake_target_skip_unavailable' from command line to 'False'
[0.115s] Level 5:colcon.colcon_core.verb:set package 'py_pkg' build argument 'cmake_clean_cache' from command line to 'False'
[0.115s] Level 5:colcon.colcon_core.verb:set package 'py_pkg' build argument 'cmake_clean_first' from command line to 'False'
[0.115s] Level 5:colcon.colcon_core.verb:set package 'py_pkg' build argument 'cmake_force_configure' from command line to 'False'
[0.115s] Level 5:colcon.colcon_core.verb:set package 'py_pkg' build argument 'ament_cmake_args' from command line to 'None'
[0.115s] Level 5:colcon.colcon_core.verb:set package 'py_pkg' build argument 'catkin_cmake_args' from command line to 'None'
[0.115s] Level 5:colcon.colcon_core.verb:set package 'py_pkg' build argument 'catkin_skip_building_tests' from command line to 'False'
[0.115s] DEBUG:colcon.colcon_core.verb:Building package 'py_pkg' with the following arguments: {'ament_cmake_args': None, 'build_base': '/home/ubuntu/desktop/ros2_work/adv_sim/build/py_pkg', 'catkin_cmake_args': None, 'catkin_skip_building_tests': False, 'cmake_args': None, 'cmake_clean_cache': False, 'cmake_clean_first': False, 'cmake_force_configure': False, 'cmake_target': None, 'cmake_target_skip_unavailable': False, 'install_base': '/home/ubuntu/desktop/ros2_work/adv_sim/install/py_pkg', 'merge_install': False, 'path': '/home/ubuntu/desktop/ros2_work/adv_sim/src/py_pkg', 'symlink_install': True, 'test_result_base': None}
[0.116s] Level 5:colcon.colcon_core.verb:set package 'rov_sim' build argument 'cmake_args' from command line to 'None'
[0.116s] Level 5:colcon.colcon_core.verb:set package 'rov_sim' build argument 'cmake_target' from command line to 'None'
[0.116s] Level 5:colcon.colcon_core.verb:set package 'rov_sim' build argument 'cmake_target_skip_unavailable' from command line to 'False'
[0.116s] Level 5:colcon.colcon_core.verb:set package 'rov_sim' build argument 'cmake_clean_cache' from command line to 'False'
[0.116s] Level 5:colcon.colcon_core.verb:set package 'rov_sim' build argument 'cmake_clean_first' from command line to 'False'
[0.116s] Level 5:colcon.colcon_core.verb:set package 'rov_sim' build argument 'cmake_force_configure' from command line to 'False'
[0.116s] Level 5:colcon.colcon_core.verb:set package 'rov_sim' build argument 'ament_cmake_args' from command line to 'None'
[0.116s] Level 5:colcon.colcon_core.verb:set package 'rov_sim' build argument 'catkin_cmake_args' from command line to 'None'
[0.116s] Level 5:colcon.colcon_core.verb:set package 'rov_sim' build argument 'catkin_skip_building_tests' from command line to 'False'
[0.116s] DEBUG:colcon.colcon_core.verb:Building package 'rov_sim' with the following arguments: {'ament_cmake_args': None, 'build_base': '/home/ubuntu/desktop/ros2_work/adv_sim/build/rov_sim', 'catkin_cmake_args': None, 'catkin_skip_building_tests': False, 'cmake_args': None, 'cmake_clean_cache': False, 'cmake_clean_first': False, 'cmake_force_configure': False, 'cmake_target': None, 'cmake_target_skip_unavailable': False, 'install_base': '/home/ubuntu/desktop/ros2_work/adv_sim/install/rov_sim', 'merge_install': False, 'path': '/home/ubuntu/desktop/ros2_work/adv_sim/src/rov_sim', 'symlink_install': True, 'test_result_base': None}
[0.116s] Level 5:colcon.colcon_core.verb:set package 'sim_launch' build argument 'cmake_args' from command line to 'None'
[0.116s] Level 5:colcon.colcon_core.verb:set package 'sim_launch' build argument 'cmake_target' from command line to 'None'
[0.116s] Level 5:colcon.colcon_core.verb:set package 'sim_launch' build argument 'cmake_target_skip_unavailable' from command line to 'False'
[0.116s] Level 5:colcon.colcon_core.verb:set package 'sim_launch' build argument 'cmake_clean_cache' from command line to 'False'
[0.116s] Level 5:colcon.colcon_core.verb:set package 'sim_launch' build argument 'cmake_clean_first' from command line to 'False'
[0.116s] Level 5:colcon.colcon_core.verb:set package 'sim_launch' build argument 'cmake_force_configure' from command line to 'False'
[0.116s] Level 5:colcon.colcon_core.verb:set package 'sim_launch' build argument 'ament_cmake_args' from command line to 'None'
[0.116s] Level 5:colcon.colcon_core.verb:set package 'sim_launch' build argument 'catkin_cmake_args' from command line to 'None'
[0.116s] Level 5:colcon.colcon_core.verb:set package 'sim_launch' build argument 'catkin_skip_building_tests' from command line to 'False'
[0.116s] DEBUG:colcon.colcon_core.verb:Building package 'sim_launch' with the following arguments: {'ament_cmake_args': None, 'build_base': '/home/ubuntu/desktop/ros2_work/adv_sim/build/sim_launch', 'catkin_cmake_args': None, 'catkin_skip_building_tests': False, 'cmake_args': None, 'cmake_clean_cache': False, 'cmake_clean_first': False, 'cmake_force_configure': False, 'cmake_target': None, 'cmake_target_skip_unavailable': False, 'install_base': '/home/ubuntu/desktop/ros2_work/adv_sim/install/sim_launch', 'merge_install': False, 'path': '/home/ubuntu/desktop/ros2_work/adv_sim/src/sim_launch', 'symlink_install': True, 'test_result_base': None}
[0.117s] INFO:colcon.colcon_core.executor:Executing jobs using 'parallel' executor
[0.117s] DEBUG:colcon.colcon_parallel_executor.executor.parallel:run_until_complete
[0.117s] INFO:colcon.colcon_ros.task.ament_python.build:Building ROS package in '/home/ubuntu/desktop/ros2_work/adv_sim/src/py_pkg' with build type 'ament_python'
[0.117s] Level 1:colcon.colcon_core.shell:create_environment_hook('py_pkg', 'ament_prefix_path')
[0.118s] INFO:colcon.colcon_core.plugin_system:Skipping extension 'colcon_core.shell.bat': Not used on non-Windows systems
[0.119s] INFO:colcon.colcon_core.shell:Creating environment hook '/home/ubuntu/desktop/ros2_work/adv_sim/install/py_pkg/share/py_pkg/hook/ament_prefix_path.ps1'
[0.120s] INFO:colcon.colcon_core.shell:Creating environment descriptor '/home/ubuntu/desktop/ros2_work/adv_sim/install/py_pkg/share/py_pkg/hook/ament_prefix_path.dsv'
[0.120s] INFO:colcon.colcon_core.shell:Creating environment hook '/home/ubuntu/desktop/ros2_work/adv_sim/install/py_pkg/share/py_pkg/hook/ament_prefix_path.sh'
[0.121s] INFO:colcon.colcon_core.shell:Skip shell extension 'powershell' for command environment: Not usable outside of PowerShell
[0.121s] DEBUG:colcon.colcon_core.shell:Skip shell extension 'dsv' for command environment
[0.123s] INFO:colcon.colcon_ros.task.ament_cmake.build:Building ROS package in '/home/ubuntu/desktop/ros2_work/adv_sim/src/rov_sim' with build type 'ament_cmake'
[0.123s] INFO:colcon.colcon_cmake.task.cmake.build:Building CMake package in '/home/ubuntu/desktop/ros2_work/adv_sim/src/rov_sim'
[0.123s] INFO:colcon.colcon_core.shell:Skip shell extension 'powershell' for command environment: Not usable outside of PowerShell
[0.123s] DEBUG:colcon.colcon_core.shell:Skip shell extension 'dsv' for command environment
[0.124s] INFO:colcon.colcon_ros.task.ament_python.build:Building ROS package in '/home/ubuntu/desktop/ros2_work/adv_sim/src/sim_launch' with build type 'ament_python'
[0.125s] Level 1:colcon.colcon_core.shell:create_environment_hook('sim_launch', 'ament_prefix_path')
[0.125s] INFO:colcon.colcon_core.shell:Creating environment hook '/home/ubuntu/desktop/ros2_work/adv_sim/install/sim_launch/share/sim_launch/hook/ament_prefix_path.ps1'
[0.126s] INFO:colcon.colcon_core.shell:Creating environment descriptor '/home/ubuntu/desktop/ros2_work/adv_sim/install/sim_launch/share/sim_launch/hook/ament_prefix_path.dsv'
[0.127s] INFO:colcon.colcon_core.shell:Creating environment hook '/home/ubuntu/desktop/ros2_work/adv_sim/install/sim_launch/share/sim_launch/hook/ament_prefix_path.sh'
[0.127s] INFO:colcon.colcon_core.shell:Skip shell extension 'powershell' for command environment: Not usable outside of PowerShell
[0.127s] DEBUG:colcon.colcon_core.shell:Skip shell extension 'dsv' for command environment
[0.217s] INFO:colcon.colcon_core.task.python.build:Building Python package in '/home/ubuntu/desktop/ros2_work/adv_sim/src/py_pkg'
[0.217s] INFO:colcon.colcon_core.shell:Skip shell extension 'powershell' for command environment: Not usable outside of PowerShell
[0.217s] DEBUG:colcon.colcon_core.shell:Skip shell extension 'dsv' for command environment
[0.225s] DEBUG:colcon.colcon_core.event_handler.log_command:Invoking command in '/home/ubuntu/desktop/ros2_work/adv_sim/build/rov_sim': CMAKE_PREFIX_PATH=${CMAKE_PREFIX_PATH}:/opt/ros/jazzy /usr/bin/cmake /home/ubuntu/desktop/ros2_work/adv_sim/src/rov_sim -DAMENT_CMAKE_SYMLINK_INSTALL=1 -DCMAKE_INSTALL_PREFIX=/home/ubuntu/desktop/ros2_work/adv_sim/install/rov_sim
[0.347s] INFO:colcon.colcon_core.task.python.build:Building Python package in '/home/ubuntu/desktop/ros2_work/adv_sim/src/sim_launch'
[0.347s] INFO:colcon.colcon_core.shell:Skip shell extension 'powershell' for command environment: Not usable outside of PowerShell
[0.347s] DEBUG:colcon.colcon_core.shell:Skip shell extension 'dsv' for command environment
[0.646s] DEBUG:colcon.colcon_core.event_handler.log_command:Invoking command in '/home/ubuntu/desktop/ros2_work/adv_sim/build/py_pkg': PYTHONPATH=/home/ubuntu/desktop/ros2_work/adv_sim/build/py_pkg/prefix_override:/usr/lib/python3/dist-packages/colcon_core/task/python/colcon_distutils_commands:/home/ubuntu/desktop/ros2_work/adv_sim/install/py_pkg/lib/python3.12/site-packages:${PYTHONPATH} /usr/bin/python3 -W ignore:setup.py install is deprecated -W ignore:easy_install command is deprecated setup.py develop --editable --build-directory /home/ubuntu/desktop/ros2_work/adv_sim/build/py_pkg/build --no-deps symlink_data
[0.652s] DEBUG:colcon.colcon_core.event_handler.log_command:Invoking command in '/home/ubuntu/desktop/ros2_work/adv_sim/build/sim_launch': PYTHONPATH=/home/ubuntu/desktop/ros2_work/adv_sim/build/sim_launch/prefix_override:/usr/lib/python3/dist-packages/colcon_core/task/python/colcon_distutils_commands:/home/ubuntu/desktop/ros2_work/adv_sim/install/sim_launch/lib/python3.12/site-packages:${PYTHONPATH} /usr/bin/python3 -W ignore:setup.py install is deprecated -W ignore:easy_install command is deprecated setup.py develop --editable --build-directory /home/ubuntu/desktop/ros2_work/adv_sim/build/sim_launch/build --no-deps symlink_data
[0.921s] Level 1:colcon.colcon_core.shell:create_environment_hook('sim_launch', 'pythonpath_develop')
[0.921s] INFO:colcon.colcon_core.shell:Creating environment hook '/home/ubuntu/desktop/ros2_work/adv_sim/build/sim_launch/share/sim_launch/hook/pythonpath_develop.ps1'
[0.921s] DEBUG:colcon.colcon_core.event_handler.log_command:Invoked command in '/home/ubuntu/desktop/ros2_work/adv_sim/build/sim_launch' returned '0': PYTHONPATH=/home/ubuntu/desktop/ros2_work/adv_sim/build/sim_launch/prefix_override:/usr/lib/python3/dist-packages/colcon_core/task/python/colcon_distutils_commands:/home/ubuntu/desktop/ros2_work/adv_sim/install/sim_launch/lib/python3.12/site-packages:${PYTHONPATH} /usr/bin/python3 -W ignore:setup.py install is deprecated -W ignore:easy_install command is deprecated setup.py develop --editable --build-directory /home/ubuntu/desktop/ros2_work/adv_sim/build/sim_launch/build --no-deps symlink_data
[0.923s] INFO:colcon.colcon_core.shell:Creating environment descriptor '/home/ubuntu/desktop/ros2_work/adv_sim/build/sim_launch/share/sim_launch/hook/pythonpath_develop.dsv'
[0.924s] INFO:colcon.colcon_core.shell:Creating environment hook '/home/ubuntu/desktop/ros2_work/adv_sim/build/sim_launch/share/sim_launch/hook/pythonpath_develop.sh'
[0.926s] Level 1:colcon.colcon_core.environment:checking '/home/ubuntu/desktop/ros2_work/adv_sim/install/sim_launch' for CMake module files
[0.928s] Level 1:colcon.colcon_core.environment:checking '/home/ubuntu/desktop/ros2_work/adv_sim/install/sim_launch' for CMake config files
[0.930s] Level 1:colcon.colcon_core.environment:checking '/home/ubuntu/desktop/ros2_work/adv_sim/install/sim_launch/lib'
[0.931s] Level 1:colcon.colcon_core.environment:checking '/home/ubuntu/desktop/ros2_work/adv_sim/install/sim_launch/bin'
[0.931s] Level 1:colcon.colcon_core.environment:checking '/home/ubuntu/desktop/ros2_work/adv_sim/install/sim_launch/lib/pkgconfig/sim_launch.pc'
[0.931s] Level 1:colcon.colcon_core.environment:checking '/home/ubuntu/desktop/ros2_work/adv_sim/install/sim_launch/lib/python3.12/site-packages'
[0.931s] Level 1:colcon.colcon_core.shell:create_environment_hook('sim_launch', 'pythonpath')
[0.931s] INFO:colcon.colcon_core.shell:Creating environment hook '/home/ubuntu/desktop/ros2_work/adv_sim/install/sim_launch/share/sim_launch/hook/pythonpath.ps1'
[0.932s] INFO:colcon.colcon_core.shell:Creating environment descriptor '/home/ubuntu/desktop/ros2_work/adv_sim/install/sim_launch/share/sim_launch/hook/pythonpath.dsv'
[0.932s] INFO:colcon.colcon_core.shell:Creating environment hook '/home/ubuntu/desktop/ros2_work/adv_sim/install/sim_launch/share/sim_launch/hook/pythonpath.sh'
[0.933s] Level 1:colcon.colcon_core.environment:checking '/home/ubuntu/desktop/ros2_work/adv_sim/install/sim_launch/bin'
[0.933s] Level 1:colcon.colcon_core.environment:create_environment_scripts_only(sim_launch)
[0.934s] INFO:colcon.colcon_core.shell:Creating package script '/home/ubuntu/desktop/ros2_work/adv_sim/install/sim_launch/share/sim_launch/package.ps1'
[0.934s] INFO:colcon.colcon_core.shell:Creating package descriptor '/home/ubuntu/desktop/ros2_work/adv_sim/install/sim_launch/share/sim_launch/package.dsv'
[0.935s] INFO:colcon.colcon_core.shell:Creating package script '/home/ubuntu/desktop/ros2_work/adv_sim/install/sim_launch/share/sim_launch/package.sh'
[0.936s] INFO:colcon.colcon_core.shell:Creating package script '/home/ubuntu/desktop/ros2_work/adv_sim/install/sim_launch/share/sim_launch/package.bash'
[0.937s] INFO:colcon.colcon_core.shell:Creating package script '/home/ubuntu/desktop/ros2_work/adv_sim/install/sim_launch/share/sim_launch/package.zsh'
[0.937s] Level 1:colcon.colcon_core.environment:create_file_with_runtime_dependencies(/home/ubuntu/desktop/ros2_work/adv_sim/install/sim_launch/share/colcon-core/packages/sim_launch)
[0.939s] Level 1:colcon.colcon_core.shell:create_environment_hook('py_pkg', 'pythonpath_develop')
[0.939s] INFO:colcon.colcon_core.shell:Creating environment hook '/home/ubuntu/desktop/ros2_work/adv_sim/build/py_pkg/share/py_pkg/hook/pythonpath_develop.ps1'
[0.940s] DEBUG:colcon.colcon_core.event_handler.log_command:Invoked command in '/home/ubuntu/desktop/ros2_work/adv_sim/build/py_pkg' returned '0': PYTHONPATH=/home/ubuntu/desktop/ros2_work/adv_sim/build/py_pkg/prefix_override:/usr/lib/python3/dist-packages/colcon_core/task/python/colcon_distutils_commands:/home/ubuntu/desktop/ros2_work/adv_sim/install/py_pkg/lib/python3.12/site-packages:${PYTHONPATH} /usr/bin/python3 -W ignore:setup.py install is deprecated -W ignore:easy_install command is deprecated setup.py develop --editable --build-directory /home/ubuntu/desktop/ros2_work/adv_sim/build/py_pkg/build --no-deps symlink_data
[0.940s] INFO:colcon.colcon_core.shell:Creating environment descriptor '/home/ubuntu/desktop/ros2_work/adv_sim/build/py_pkg/share/py_pkg/hook/pythonpath_develop.dsv'
[0.941s] INFO:colcon.colcon_core.shell:Creating environment hook '/home/ubuntu/desktop/ros2_work/adv_sim/build/py_pkg/share/py_pkg/hook/pythonpath_develop.sh'
[0.941s] Level 1:colcon.colcon_core.environment:checking '/home/ubuntu/desktop/ros2_work/adv_sim/install/py_pkg' for CMake module files
[0.943s] Level 1:colcon.colcon_core.environment:checking '/home/ubuntu/desktop/ros2_work/adv_sim/install/py_pkg' for CMake config files
[0.946s] Level 1:colcon.colcon_core.environment:checking '/home/ubuntu/desktop/ros2_work/adv_sim/install/py_pkg/lib'
[0.946s] Level 1:colcon.colcon_core.environment:checking '/home/ubuntu/desktop/ros2_work/adv_sim/install/py_pkg/bin'
[0.946s] Level 1:colcon.colcon_core.environment:checking '/home/ubuntu/desktop/ros2_work/adv_sim/install/py_pkg/lib/pkgconfig/py_pkg.pc'
[0.946s] Level 1:colcon.colcon_core.environment:checking '/home/ubuntu/desktop/ros2_work/adv_sim/install/py_pkg/lib/python3.12/site-packages'
[0.947s] Level 1:colcon.colcon_core.shell:create_environment_hook('py_pkg', 'pythonpath')
[0.947s] INFO:colcon.colcon_core.shell:Creating environment hook '/home/ubuntu/desktop/ros2_work/adv_sim/install/py_pkg/share/py_pkg/hook/pythonpath.ps1'
[0.947s] INFO:colcon.colcon_core.shell:Creating environment descriptor '/home/ubuntu/desktop/ros2_work/adv_sim/install/py_pkg/share/py_pkg/hook/pythonpath.dsv'
[0.948s] INFO:colcon.colcon_core.shell:Creating environment hook '/home/ubuntu/desktop/ros2_work/adv_sim/install/py_pkg/share/py_pkg/hook/pythonpath.sh'
[0.949s] Level 1:colcon.colcon_core.environment:checking '/home/ubuntu/desktop/ros2_work/adv_sim/install/py_pkg/bin'
[0.949s] Level 1:colcon.colcon_core.environment:create_environment_scripts_only(py_pkg)
[0.949s] INFO:colcon.colcon_core.shell:Creating package script '/home/ubuntu/desktop/ros2_work/adv_sim/install/py_pkg/share/py_pkg/package.ps1'
[0.949s] INFO:colcon.colcon_core.shell:Creating package descriptor '/home/ubuntu/desktop/ros2_work/adv_sim/install/py_pkg/share/py_pkg/package.dsv'
[0.950s] INFO:colcon.colcon_core.shell:Creating package script '/home/ubuntu/desktop/ros2_work/adv_sim/install/py_pkg/share/py_pkg/package.sh'
[0.950s] INFO:colcon.colcon_core.shell:Creating package script '/home/ubuntu/desktop/ros2_work/adv_sim/install/py_pkg/share/py_pkg/package.bash'
[0.951s] INFO:colcon.colcon_core.shell:Creating package script '/home/ubuntu/desktop/ros2_work/adv_sim/install/py_pkg/share/py_pkg/package.zsh'
[0.951s] Level 1:colcon.colcon_core.environment:create_file_with_runtime_dependencies(/home/ubuntu/desktop/ros2_work/adv_sim/install/py_pkg/share/colcon-core/packages/py_pkg)
[0.953s] DEBUG:colcon.colcon_core.event_handler.log_command:Invoked command in '/home/ubuntu/desktop/ros2_work/adv_sim/build/rov_sim' returned '0': CMAKE_PREFIX_PATH=${CMAKE_PREFIX_PATH}:/opt/ros/jazzy /usr/bin/cmake /home/ubuntu/desktop/ros2_work/adv_sim/src/rov_sim -DAMENT_CMAKE_SYMLINK_INSTALL=1 -DCMAKE_INSTALL_PREFIX=/home/ubuntu/desktop/ros2_work/adv_sim/install/rov_sim
[0.954s] DEBUG:colcon.colcon_core.event_handler.log_command:Invoking command in '/home/ubuntu/desktop/ros2_work/adv_sim/build/rov_sim': CMAKE_PREFIX_PATH=${CMAKE_PREFIX_PATH}:/opt/ros/jazzy /usr/bin/cmake --build /home/ubuntu/desktop/ros2_work/adv_sim/build/rov_sim -- -j10 -l10
[0.975s] DEBUG:colcon.colcon_core.event_handler.log_command:Invoked command in '/home/ubuntu/desktop/ros2_work/adv_sim/build/rov_sim' returned '0': CMAKE_PREFIX_PATH=${CMAKE_PREFIX_PATH}:/opt/ros/jazzy /usr/bin/cmake --build /home/ubuntu/desktop/ros2_work/adv_sim/build/rov_sim -- -j10 -l10
[0.980s] DEBUG:colcon.colcon_core.event_handler.log_command:Invoking command in '/home/ubuntu/desktop/ros2_work/adv_sim/build/rov_sim': CMAKE_PREFIX_PATH=${CMAKE_PREFIX_PATH}:/opt/ros/jazzy /usr/bin/cmake --install /home/ubuntu/desktop/ros2_work/adv_sim/build/rov_sim
[1.057s] Level 1:colcon.colcon_core.environment:create_environment_scripts_only(rov_sim)
[1.057s] Level 1:colcon.colcon_core.environment:checking '/home/ubuntu/desktop/ros2_work/adv_sim/install/rov_sim' for CMake module files
[1.058s] DEBUG:colcon.colcon_core.event_handler.log_command:Invoked command in '/home/ubuntu/desktop/ros2_work/adv_sim/build/rov_sim' returned '0': CMAKE_PREFIX_PATH=${CMAKE_PREFIX_PATH}:/opt/ros/jazzy /usr/bin/cmake --install /home/ubuntu/desktop/ros2_work/adv_sim/build/rov_sim
[1.059s] Level 1:colcon.colcon_core.environment:checking '/home/ubuntu/desktop/ros2_work/adv_sim/install/rov_sim' for CMake config files
[1.061s] Level 1:colcon.colcon_core.shell:create_environment_hook('rov_sim', 'cmake_prefix_path')
[1.061s] INFO:colcon.colcon_core.shell:Creating environment hook '/home/ubuntu/desktop/ros2_work/adv_sim/install/rov_sim/share/rov_sim/hook/cmake_prefix_path.ps1'
[1.062s] INFO:colcon.colcon_core.shell:Creating environment descriptor '/home/ubuntu/desktop/ros2_work/adv_sim/install/rov_sim/share/rov_sim/hook/cmake_prefix_path.dsv'
[1.062s] INFO:colcon.colcon_core.shell:Creating environment hook '/home/ubuntu/desktop/ros2_work/adv_sim/install/rov_sim/share/rov_sim/hook/cmake_prefix_path.sh'
[1.063s] Level 1:colcon.colcon_core.environment:checking '/home/ubuntu/desktop/ros2_work/adv_sim/install/rov_sim/bin'
[1.063s] Level 1:colcon.colcon_core.environment:checking '/home/ubuntu/desktop/ros2_work/adv_sim/install/rov_sim/lib/pkgconfig/rov_sim.pc'
[1.063s] Level 1:colcon.colcon_core.environment:checking '/home/ubuntu/desktop/ros2_work/adv_sim/install/rov_sim/lib/python3.12/site-packages'
[1.063s] Level 1:colcon.colcon_core.environment:checking '/home/ubuntu/desktop/ros2_work/adv_sim/install/rov_sim/bin'
[1.064s] INFO:colcon.colcon_core.shell:Creating package script '/home/ubuntu/desktop/ros2_work/adv_sim/install/rov_sim/share/rov_sim/package.ps1'
[1.064s] INFO:colcon.colcon_core.shell:Creating package descriptor '/home/ubuntu/desktop/ros2_work/adv_sim/install/rov_sim/share/rov_sim/package.dsv'
[1.065s] INFO:colcon.colcon_core.shell:Creating package script '/home/ubuntu/desktop/ros2_work/adv_sim/install/rov_sim/share/rov_sim/package.sh'
[1.065s] INFO:colcon.colcon_core.shell:Creating package script '/home/ubuntu/desktop/ros2_work/adv_sim/install/rov_sim/share/rov_sim/package.bash'
[1.065s] INFO:colcon.colcon_core.shell:Creating package script '/home/ubuntu/desktop/ros2_work/adv_sim/install/rov_sim/share/rov_sim/package.zsh'
[1.066s] Level 1:colcon.colcon_core.environment:create_file_with_runtime_dependencies(/home/ubuntu/desktop/ros2_work/adv_sim/install/rov_sim/share/colcon-core/packages/rov_sim)
[1.067s] Level 1:colcon.colcon_core.environment:create_environment_scripts_only(rov_sim)
[1.067s] Level 1:colcon.colcon_core.environment:checking '/home/ubuntu/desktop/ros2_work/adv_sim/install/rov_sim' for CMake module files
[1.069s] Level 1:colcon.colcon_core.environment:checking '/home/ubuntu/desktop/ros2_work/adv_sim/install/rov_sim' for CMake config files
[1.071s] Level 1:colcon.colcon_core.shell:create_environment_hook('rov_sim', 'cmake_prefix_path')
[1.071s] INFO:colcon.colcon_core.shell:Creating environment hook '/home/ubuntu/desktop/ros2_work/adv_sim/install/rov_sim/share/rov_sim/hook/cmake_prefix_path.ps1'
[1.071s] INFO:colcon.colcon_core.shell:Creating environment descriptor '/home/ubuntu/desktop/ros2_work/adv_sim/install/rov_sim/share/rov_sim/hook/cmake_prefix_path.dsv'
[1.072s] INFO:colcon.colcon_core.shell:Creating environment hook '/home/ubuntu/desktop/ros2_work/adv_sim/install/rov_sim/share/rov_sim/hook/cmake_prefix_path.sh'
[1.072s] Level 1:colcon.colcon_core.environment:checking '/home/ubuntu/desktop/ros2_work/adv_sim/install/rov_sim/bin'
[1.072s] Level 1:colcon.colcon_core.environment:checking '/home/ubuntu/desktop/ros2_work/adv_sim/install/rov_sim/lib/pkgconfig/rov_sim.pc'
[1.072s] Level 1:colcon.colcon_core.environment:checking '/home/ubuntu/desktop/ros2_work/adv_sim/install/rov_sim/lib/python3.12/site-packages'
[1.073s] Level 1:colcon.colcon_core.environment:checking '/home/ubuntu/desktop/ros2_work/adv_sim/install/rov_sim/bin'
[1.073s] INFO:colcon.colcon_core.shell:Creating package script '/home/ubuntu/desktop/ros2_work/adv_sim/install/rov_sim/share/rov_sim/package.ps1'
[1.073s] INFO:colcon.colcon_core.shell:Creating package descriptor '/home/ubuntu/desktop/ros2_work/adv_sim/install/rov_sim/share/rov_sim/package.dsv'
[1.073s] INFO:colcon.colcon_core.shell:Creating package script '/home/ubuntu/desktop/ros2_work/adv_sim/install/rov_sim/share/rov_sim/package.sh'
[1.074s] INFO:colcon.colcon_core.shell:Creating package script '/home/ubuntu/desktop/ros2_work/adv_sim/install/rov_sim/share/rov_sim/package.bash'
[1.074s] INFO:colcon.colcon_core.shell:Creating package script '/home/ubuntu/desktop/ros2_work/adv_sim/install/rov_sim/share/rov_sim/package.zsh'
[1.074s] Level 1:colcon.colcon_core.environment:create_file_with_runtime_dependencies(/home/ubuntu/desktop/ros2_work/adv_sim/install/rov_sim/share/colcon-core/packages/rov_sim)
[1.075s] DEBUG:colcon.colcon_parallel_executor.executor.parallel:closing loop
[1.075s] DEBUG:colcon.colcon_parallel_executor.executor.parallel:loop closed
[1.075s] DEBUG:colcon.colcon_parallel_executor.executor.parallel:run_until_complete finished with '0'
[1.075s] DEBUG:colcon.colcon_core.event_reactor:joining thread
[1.078s] INFO:colcon.colcon_core.plugin_system:Skipping extension 'colcon_notification.desktop_notification.terminal_notifier': Not used on non-Darwin systems
[1.078s] INFO:colcon.colcon_core.plugin_system:Skipping extension 'colcon_notification.desktop_notification.win32': Not used on non-Windows systems
[1.078s] INFO:colcon.colcon_notification.desktop_notification:Sending desktop notification using 'notify2'
[1.136s] DEBUG:colcon.colcon_core.event_reactor:joined thread
[1.137s] INFO:colcon.colcon_core.shell:Creating prefix script '/home/ubuntu/desktop/ros2_work/adv_sim/install/local_setup.ps1'
[1.138s] INFO:colcon.colcon_core.shell:Creating prefix util module '/home/ubuntu/desktop/ros2_work/adv_sim/install/_local_setup_util_ps1.py'
[1.139s] INFO:colcon.colcon_core.shell:Creating prefix chain script '/home/ubuntu/desktop/ros2_work/adv_sim/install/setup.ps1'
[1.139s] INFO:colcon.colcon_core.shell:Creating prefix script '/home/ubuntu/desktop/ros2_work/adv_sim/install/local_setup.sh'
[1.140s] INFO:colcon.colcon_core.shell:Creating prefix util module '/home/ubuntu/desktop/ros2_work/adv_sim/install/_local_setup_util_sh.py'
[1.141s] INFO:colcon.colcon_core.shell:Creating prefix chain script '/home/ubuntu/desktop/ros2_work/adv_sim/install/setup.sh'
[1.141s] INFO:colcon.colcon_core.shell:Creating prefix script '/home/ubuntu/desktop/ros2_work/adv_sim/install/local_setup.bash'
[1.142s] INFO:colcon.colcon_core.shell:Creating prefix chain script '/home/ubuntu/desktop/ros2_work/adv_sim/install/setup.bash'
[1.142s] INFO:colcon.colcon_core.shell:Creating prefix script '/home/ubuntu/desktop/ros2_work/adv_sim/install/local_setup.zsh'
[1.143s] INFO:colcon.colcon_core.shell:Creating prefix chain script '/home/ubuntu/desktop/ros2_work/adv_sim/install/setup.zsh'
