[0.528s] Invoking command in '/home/ubuntu/desktop/ros2_work/adv_sim/build/sim_launch': PYTHONPATH=/home/ubuntu/desktop/ros2_work/adv_sim/build/sim_launch/prefix_override:/usr/lib/python3/dist-packages/colcon_core/task/python/colcon_distutils_commands:/home/ubuntu/desktop/ros2_work/adv_sim/install/sim_launch/lib/python3.12/site-packages:${PYTHONPATH} /usr/bin/python3 -W ignore:setup.py install is deprecated -W ignore:easy_install command is deprecated setup.py develop --editable --build-directory /home/ubuntu/desktop/ros2_work/adv_sim/build/sim_launch/build --no-deps symlink_data
[0.665s] running develop
[0.736s] running egg_info
[0.737s] creating sim_launch.egg-info
[0.743s] writing sim_launch.egg-info/PKG-INFO
[0.745s] writing dependency_links to sim_launch.egg-info/dependency_links.txt
[0.746s] writing requirements to sim_launch.egg-info/requires.txt
[0.747s] writing top-level names to sim_launch.egg-info/top_level.txt
[0.747s] writing manifest file 'sim_launch.egg-info/SOURCES.txt'
[0.763s] reading manifest file 'sim_launch.egg-info/SOURCES.txt'
[0.765s] writing manifest file 'sim_launch.egg-info/SOURCES.txt'
[0.772s] running build_ext
[0.772s] Creating /home/ubuntu/desktop/ros2_work/adv_sim/install/sim_launch/lib/python3.12/site-packages/sim-launch.egg-link (link to .)
[0.773s] 
[0.773s] Installed /home/ubuntu/desktop/ros2_work/Adv_Sim/build/sim_launch
[0.774s] running symlink_data
[0.774s] creating /home/ubuntu/desktop/ros2_work/adv_sim/install/sim_launch/share/ament_index
[0.774s] creating /home/ubuntu/desktop/ros2_work/adv_sim/install/sim_launch/share/ament_index/resource_index
[0.774s] creating /home/ubuntu/desktop/ros2_work/adv_sim/install/sim_launch/share/ament_index/resource_index/packages
[0.775s] symbolically linking /home/ubuntu/desktop/ros2_work/adv_sim/build/sim_launch/resource/sim_launch -> /home/ubuntu/desktop/ros2_work/adv_sim/install/sim_launch/share/ament_index/resource_index/packages
[0.775s] symbolically linking /home/ubuntu/desktop/ros2_work/adv_sim/build/sim_launch/package.xml -> /home/ubuntu/desktop/ros2_work/adv_sim/install/sim_launch/share/sim_launch
[0.776s] creating /home/ubuntu/desktop/ros2_work/adv_sim/install/sim_launch/share/sim_launch/launch
[0.777s] symbolically linking /home/ubuntu/desktop/ros2_work/Adv_Sim/build/sim_launch/launch/launch_code.py -> /home/ubuntu/desktop/ros2_work/adv_sim/install/sim_launch/share/sim_launch/launch
[0.797s] Invoked command in '/home/ubuntu/desktop/ros2_work/adv_sim/build/sim_launch' returned '0': PYTHONPATH=/home/ubuntu/desktop/ros2_work/adv_sim/build/sim_launch/prefix_override:/usr/lib/python3/dist-packages/colcon_core/task/python/colcon_distutils_commands:/home/ubuntu/desktop/ros2_work/adv_sim/install/sim_launch/lib/python3.12/site-packages:${PYTHONPATH} /usr/bin/python3 -W ignore:setup.py install is deprecated -W ignore:easy_install command is deprecated setup.py develop --editable --build-directory /home/ubuntu/desktop/ros2_work/adv_sim/build/sim_launch/build --no-deps symlink_data
