[0.265s] Invoking command in '/home/ubuntu/desktop/ros2_work/Adv_Sim/build/rov_sim': CMAKE_PREFIX_PATH=${CMAKE_PREFIX_PATH}:/home/ubuntu/desktop/ros2_work/Adv_Sim/install/sim_launch:/home/ubuntu/desktop/ros2_work/Adv_Sim/install/py_pkg:/opt/ros/jazzy /usr/bin/cmake --build /home/ubuntu/desktop/ros2_work/Adv_Sim/build/rov_sim -- -j10 -l10
[0.493s] Invoked command in '/home/ubuntu/desktop/ros2_work/Adv_Sim/build/rov_sim' returned '0': CMAKE_PREFIX_PATH=${CMAKE_PREFIX_PATH}:/home/ubuntu/desktop/ros2_work/Adv_Sim/install/sim_launch:/home/ubuntu/desktop/ros2_work/Adv_Sim/install/py_pkg:/opt/ros/jazzy /usr/bin/cmake --build /home/ubuntu/desktop/ros2_work/Adv_Sim/build/rov_sim -- -j10 -l10
[0.508s] Invoking command in '/home/ubuntu/desktop/ros2_work/Adv_Sim/build/rov_sim': CMAKE_PREFIX_PATH=${CMAKE_PREFIX_PATH}:/home/ubuntu/desktop/ros2_work/Adv_Sim/install/sim_launch:/home/ubuntu/desktop/ros2_work/Adv_Sim/install/py_pkg:/opt/ros/jazzy /usr/bin/cmake --install /home/ubuntu/desktop/ros2_work/Adv_Sim/build/rov_sim
[0.517s] -- Install configuration: ""
[0.519s] -- Execute custom install script
[0.521s] -- Up-to-date symlink: /home/ubuntu/desktop/ros2_work/Adv_Sim/install/rov_sim/share/rov_sim/urdf/omni_rov.urdf
[0.523s] -- Up-to-date symlink: /home/ubuntu/desktop/ros2_work/Adv_Sim/install/rov_sim/share/rov_sim/worlds/underwater.world
[0.526s] -- Up-to-date symlink: /home/ubuntu/desktop/ros2_work/Adv_Sim/install/rov_sim/share/ament_index/resource_index/package_run_dependencies/rov_sim
[0.527s] -- Up-to-date symlink: /home/ubuntu/desktop/ros2_work/Adv_Sim/install/rov_sim/share/ament_index/resource_index/parent_prefix_path/rov_sim
[0.528s] -- Up-to-date symlink: /home/ubuntu/desktop/ros2_work/Adv_Sim/install/rov_sim/share/rov_sim/environment/ament_prefix_path.sh
[0.529s] -- Up-to-date symlink: /home/ubuntu/desktop/ros2_work/Adv_Sim/install/rov_sim/share/rov_sim/environment/ament_prefix_path.dsv
[0.529s] -- Up-to-date symlink: /home/ubuntu/desktop/ros2_work/Adv_Sim/install/rov_sim/share/rov_sim/environment/path.sh
[0.531s] -- Up-to-date symlink: /home/ubuntu/desktop/ros2_work/Adv_Sim/install/rov_sim/share/rov_sim/environment/path.dsv
[0.533s] -- Up-to-date symlink: /home/ubuntu/desktop/ros2_work/Adv_Sim/install/rov_sim/share/rov_sim/local_setup.bash
[0.537s] -- Up-to-date symlink: /home/ubuntu/desktop/ros2_work/Adv_Sim/install/rov_sim/share/rov_sim/local_setup.sh
[0.538s] -- Up-to-date symlink: /home/ubuntu/desktop/ros2_work/Adv_Sim/install/rov_sim/share/rov_sim/local_setup.zsh
[0.540s] -- Up-to-date symlink: /home/ubuntu/desktop/ros2_work/Adv_Sim/install/rov_sim/share/rov_sim/local_setup.dsv
[0.540s] -- Symlinking: /home/ubuntu/desktop/ros2_work/Adv_Sim/install/rov_sim/share/rov_sim/package.dsv
[0.549s] -- Up-to-date symlink: /home/ubuntu/desktop/ros2_work/Adv_Sim/install/rov_sim/share/ament_index/resource_index/packages/rov_sim
[0.552s] -- Up-to-date symlink: /home/ubuntu/desktop/ros2_work/Adv_Sim/install/rov_sim/share/rov_sim/cmake/rov_simConfig.cmake
[0.557s] -- Up-to-date symlink: /home/ubuntu/desktop/ros2_work/Adv_Sim/install/rov_sim/share/rov_sim/cmake/rov_simConfig-version.cmake
[0.558s] -- Up-to-date symlink: /home/ubuntu/desktop/ros2_work/Adv_Sim/install/rov_sim/share/rov_sim/package.xml
[0.559s] Invoked command in '/home/ubuntu/desktop/ros2_work/Adv_Sim/build/rov_sim' returned '0': CMAKE_PREFIX_PATH=${CMAKE_PREFIX_PATH}:/home/ubuntu/desktop/ros2_work/Adv_Sim/install/sim_launch:/home/ubuntu/desktop/ros2_work/Adv_Sim/install/py_pkg:/opt/ros/jazzy /usr/bin/cmake --install /home/ubuntu/desktop/ros2_work/Adv_Sim/build/rov_sim
