[0.479s] Invoking command in '/home/ubuntu/desktop/ros2_work/Adv_Sim/src/py_pkg': PYTHONPATH=/home/ubuntu/desktop/ros2_work/Adv_Sim/build/py_pkg/prefix_override:/usr/lib/python3/dist-packages/colcon_core/task/python/colcon_distutils_commands:/home/ubuntu/desktop/ros2_work/Adv_Sim/install/py_pkg/lib/python3.12/site-packages:${PYTHONPATH} /usr/bin/python3 -W ignore:setup.py install is deprecated -W ignore:easy_install command is deprecated setup.py egg_info --egg-base ../../build/py_pkg build --build-base /home/ubuntu/desktop/ros2_work/Adv_Sim/build/py_pkg/build install --record /home/ubuntu/desktop/ros2_work/Adv_Sim/build/py_pkg/install.log --single-version-externally-managed install_data
[0.591s] running egg_info
[0.598s] writing ../../build/py_pkg/py_pkg.egg-info/PKG-INFO
[0.599s] writing dependency_links to ../../build/py_pkg/py_pkg.egg-info/dependency_links.txt
[0.599s] writing entry points to ../../build/py_pkg/py_pkg.egg-info/entry_points.txt
[0.600s] writing requirements to ../../build/py_pkg/py_pkg.egg-info/requires.txt
[0.600s] writing top-level names to ../../build/py_pkg/py_pkg.egg-info/top_level.txt
[0.615s] reading manifest file '../../build/py_pkg/py_pkg.egg-info/SOURCES.txt'
[0.616s] writing manifest file '../../build/py_pkg/py_pkg.egg-info/SOURCES.txt'
[0.617s] running build
[0.617s] running build_py
[0.617s] running install
[0.620s] running install_lib
[0.628s] running install_data
[0.628s] running install_egg_info
[0.635s] removing '/home/ubuntu/desktop/ros2_work/Adv_Sim/install/py_pkg/lib/python3.12/site-packages/py_pkg-0.0.0-py3.12.egg-info' (and everything under it)
[0.636s] Copying ../../build/py_pkg/py_pkg.egg-info to /home/ubuntu/desktop/ros2_work/Adv_Sim/install/py_pkg/lib/python3.12/site-packages/py_pkg-0.0.0-py3.12.egg-info
[0.645s] running install_scripts
[0.702s] Installing keyboard_input script to /home/ubuntu/desktop/ros2_work/Adv_Sim/install/py_pkg/lib/py_pkg
[0.702s] Installing reciever script to /home/ubuntu/desktop/ros2_work/Adv_Sim/install/py_pkg/lib/py_pkg
[0.703s] writing list of installed files to '/home/ubuntu/desktop/ros2_work/Adv_Sim/build/py_pkg/install.log'
[0.718s] Invoked command in '/home/ubuntu/desktop/ros2_work/Adv_Sim/src/py_pkg' returned '0': PYTHONPATH=/home/ubuntu/desktop/ros2_work/Adv_Sim/build/py_pkg/prefix_override:/usr/lib/python3/dist-packages/colcon_core/task/python/colcon_distutils_commands:/home/ubuntu/desktop/ros2_work/Adv_Sim/install/py_pkg/lib/python3.12/site-packages:${PYTHONPATH} /usr/bin/python3 -W ignore:setup.py install is deprecated -W ignore:easy_install command is deprecated setup.py egg_info --egg-base ../../build/py_pkg build --build-base /home/ubuntu/desktop/ros2_work/Adv_Sim/build/py_pkg/build install --record /home/ubuntu/desktop/ros2_work/Adv_Sim/build/py_pkg/install.log --single-version-externally-managed install_data
