[0.101s] Invoking command in '/home/ubuntu/desktop/ros2_work/adv_sim/build/rov_sim': CMAKE_PREFIX_PATH=${CMAKE_PREFIX_PATH}:/opt/ros/jazzy /usr/bin/cmake /home/ubuntu/desktop/ros2_work/adv_sim/src/rov_sim -DAMENT_CMAKE_SYMLINK_INSTALL=1 -DCMAKE_INSTALL_PREFIX=/home/ubuntu/desktop/ros2_work/adv_sim/install/rov_sim
[0.158s] -- The C compiler identification is GNU 13.3.0
[0.210s] -- The CXX compiler identification is GNU 13.3.0
[0.226s] -- Detecting C compiler ABI info
[0.316s] -- Detecting C compiler ABI info - done
[0.329s] -- Check for working C compiler: /usr/bin/cc - skipped
[0.329s] -- Detecting C compile features
[0.330s] -- Detecting C compile features - done
[0.336s] -- Detecting CXX compiler ABI info
[0.454s] -- Detecting CXX compiler ABI info - done
[0.468s] -- Check for working CXX compiler: /usr/bin/c++ - skipped
[0.469s] -- Detecting CXX compile features
[0.470s] -- Detecting CXX compile features - done
[0.478s] -- Found ament_cmake: 2.5.4 (/opt/ros/jazzy/share/ament_cmake/cmake)
[0.566s] -- Found Python3: /usr/bin/python3 (found version "3.12.3") found components: Interpreter 
[0.608s] -- Override CMake install command with custom implementation using symlinks instead of copying resources
[0.671s] -- Found ament_lint_auto: 0.17.3 (/opt/ros/jazzy/share/ament_lint_auto/cmake)
[0.770s] -- Added test 'lint_cmake' to check CMake code style
[0.781s] -- Added test 'xmllint' to check XML markup files
[0.791s] -- Configuring done (0.7s)
[0.815s] -- Generating done (0.0s)
[0.823s] -- Build files have been written to: /home/ubuntu/desktop/ros2_work/adv_sim/build/rov_sim
[0.830s] Invoked command in '/home/ubuntu/desktop/ros2_work/adv_sim/build/rov_sim' returned '0': CMAKE_PREFIX_PATH=${CMAKE_PREFIX_PATH}:/opt/ros/jazzy /usr/bin/cmake /home/ubuntu/desktop/ros2_work/adv_sim/src/rov_sim -DAMENT_CMAKE_SYMLINK_INSTALL=1 -DCMAKE_INSTALL_PREFIX=/home/ubuntu/desktop/ros2_work/adv_sim/install/rov_sim
[0.831s] Invoking command in '/home/ubuntu/desktop/ros2_work/adv_sim/build/rov_sim': CMAKE_PREFIX_PATH=${CMAKE_PREFIX_PATH}:/opt/ros/jazzy /usr/bin/cmake --build /home/ubuntu/desktop/ros2_work/adv_sim/build/rov_sim -- -j10 -l10
[0.852s] Invoked command in '/home/ubuntu/desktop/ros2_work/adv_sim/build/rov_sim' returned '0': CMAKE_PREFIX_PATH=${CMAKE_PREFIX_PATH}:/opt/ros/jazzy /usr/bin/cmake --build /home/ubuntu/desktop/ros2_work/adv_sim/build/rov_sim -- -j10 -l10
[0.857s] Invoking command in '/home/ubuntu/desktop/ros2_work/adv_sim/build/rov_sim': CMAKE_PREFIX_PATH=${CMAKE_PREFIX_PATH}:/opt/ros/jazzy /usr/bin/cmake --install /home/ubuntu/desktop/ros2_work/adv_sim/build/rov_sim
[0.861s] -- Install configuration: ""
[0.861s] -- Execute custom install script
[0.863s] -- Symlinking: /home/ubuntu/desktop/ros2_work/adv_sim/install/rov_sim/share/rov_sim/urdf/omni_rov.urdf
[0.868s] -- Symlinking: /home/ubuntu/desktop/ros2_work/adv_sim/install/rov_sim/share/rov_sim/worlds/underwater.world
[0.872s] -- Symlinking: /home/ubuntu/desktop/ros2_work/adv_sim/install/rov_sim/share/ament_index/resource_index/package_run_dependencies/rov_sim
[0.877s] -- Symlinking: /home/ubuntu/desktop/ros2_work/adv_sim/install/rov_sim/share/ament_index/resource_index/parent_prefix_path/rov_sim
[0.881s] -- Symlinking: /home/ubuntu/desktop/ros2_work/adv_sim/install/rov_sim/share/rov_sim/environment/ament_prefix_path.sh
[0.885s] -- Symlinking: /home/ubuntu/desktop/ros2_work/adv_sim/install/rov_sim/share/rov_sim/environment/ament_prefix_path.dsv
[0.889s] -- Symlinking: /home/ubuntu/desktop/ros2_work/adv_sim/install/rov_sim/share/rov_sim/environment/path.sh
[0.893s] -- Symlinking: /home/ubuntu/desktop/ros2_work/adv_sim/install/rov_sim/share/rov_sim/environment/path.dsv
[0.897s] -- Symlinking: /home/ubuntu/desktop/ros2_work/adv_sim/install/rov_sim/share/rov_sim/local_setup.bash
[0.901s] -- Symlinking: /home/ubuntu/desktop/ros2_work/adv_sim/install/rov_sim/share/rov_sim/local_setup.sh
[0.905s] -- Symlinking: /home/ubuntu/desktop/ros2_work/adv_sim/install/rov_sim/share/rov_sim/local_setup.zsh
[0.909s] -- Symlinking: /home/ubuntu/desktop/ros2_work/adv_sim/install/rov_sim/share/rov_sim/local_setup.dsv
[0.913s] -- Symlinking: /home/ubuntu/desktop/ros2_work/adv_sim/install/rov_sim/share/rov_sim/package.dsv
[0.917s] -- Symlinking: /home/ubuntu/desktop/ros2_work/adv_sim/install/rov_sim/share/ament_index/resource_index/packages/rov_sim
[0.922s] -- Symlinking: /home/ubuntu/desktop/ros2_work/adv_sim/install/rov_sim/share/rov_sim/cmake/rov_simConfig.cmake
[0.925s] -- Symlinking: /home/ubuntu/desktop/ros2_work/adv_sim/install/rov_sim/share/rov_sim/cmake/rov_simConfig-version.cmake
[0.930s] -- Symlinking: /home/ubuntu/desktop/ros2_work/adv_sim/install/rov_sim/share/rov_sim/package.xml
[0.935s] Invoked command in '/home/ubuntu/desktop/ros2_work/adv_sim/build/rov_sim' returned '0': CMAKE_PREFIX_PATH=${CMAKE_PREFIX_PATH}:/opt/ros/jazzy /usr/bin/cmake --install /home/ubuntu/desktop/ros2_work/adv_sim/build/rov_sim
