[0.330s] Invoking command in '/home/ubuntu/desktop/ros2_work/Adv_Sim/build/rov_sim': CMAKE_PREFIX_PATH=${CMAKE_PREFIX_PATH}:/home/ubuntu/desktop/ros2_work/Adv_Sim/install/sim_launch:/home/ubuntu/desktop/ros2_work/Adv_Sim/install/py_pkg:/opt/ros/jazzy DEBUGINFOD_URLS=https://debuginfod.ubuntu.com /usr/bin/cmake /home/ubuntu/desktop/ros2_work/Adv_Sim/src/rov_sim -DAMENT_CMAKE_SYMLINK_INSTALL=1 -DCMAKE_INSTALL_PREFIX=/home/ubuntu/desktop/ros2_work/Adv_Sim/install/rov_sim
[0.380s] -- Found ament_cmake: 2.5.4 (/opt/ros/jazzy/share/ament_cmake/cmake)
[0.836s] -- Override CMake install command with custom implementation using symlinks instead of copying resources
[0.877s] -- Found ament_lint_auto: 0.17.3 (/opt/ros/jazzy/share/ament_lint_auto/cmake)
[1.157s] -- Added test 'lint_cmake' to check CMake code style
[1.183s] -- Added test 'xmllint' to check XML markup files
[1.203s] -- Configuring done (0.8s)
[1.339s] -- Generating done (0.1s)
[1.388s] -- Build files have been written to: /home/ubuntu/desktop/ros2_work/Adv_Sim/build/rov_sim
[1.394s] Invoked command in '/home/ubuntu/desktop/ros2_work/Adv_Sim/build/rov_sim' returned '0': CMAKE_PREFIX_PATH=${CMAKE_PREFIX_PATH}:/home/ubuntu/desktop/ros2_work/Adv_Sim/install/sim_launch:/home/ubuntu/desktop/ros2_work/Adv_Sim/install/py_pkg:/opt/ros/jazzy DEBUGINFOD_URLS=https://debuginfod.ubuntu.com /usr/bin/cmake /home/ubuntu/desktop/ros2_work/Adv_Sim/src/rov_sim -DAMENT_CMAKE_SYMLINK_INSTALL=1 -DCMAKE_INSTALL_PREFIX=/home/ubuntu/desktop/ros2_work/Adv_Sim/install/rov_sim
[1.396s] Invoking command in '/home/ubuntu/desktop/ros2_work/Adv_Sim/build/rov_sim': CMAKE_PREFIX_PATH=${CMAKE_PREFIX_PATH}:/home/ubuntu/desktop/ros2_work/Adv_Sim/install/sim_launch:/home/ubuntu/desktop/ros2_work/Adv_Sim/install/py_pkg:/opt/ros/jazzy DEBUGINFOD_URLS=https://debuginfod.ubuntu.com /usr/bin/cmake --build /home/ubuntu/desktop/ros2_work/Adv_Sim/build/rov_sim -- -j10 -l10
[1.464s] Invoked command in '/home/ubuntu/desktop/ros2_work/Adv_Sim/build/rov_sim' returned '0': CMAKE_PREFIX_PATH=${CMAKE_PREFIX_PATH}:/home/ubuntu/desktop/ros2_work/Adv_Sim/install/sim_launch:/home/ubuntu/desktop/ros2_work/Adv_Sim/install/py_pkg:/opt/ros/jazzy DEBUGINFOD_URLS=https://debuginfod.ubuntu.com /usr/bin/cmake --build /home/ubuntu/desktop/ros2_work/Adv_Sim/build/rov_sim -- -j10 -l10
[1.484s] Invoking command in '/home/ubuntu/desktop/ros2_work/Adv_Sim/build/rov_sim': CMAKE_PREFIX_PATH=${CMAKE_PREFIX_PATH}:/home/ubuntu/desktop/ros2_work/Adv_Sim/install/sim_launch:/home/ubuntu/desktop/ros2_work/Adv_Sim/install/py_pkg:/opt/ros/jazzy DEBUGINFOD_URLS=https://debuginfod.ubuntu.com /usr/bin/cmake --install /home/ubuntu/desktop/ros2_work/Adv_Sim/build/rov_sim
[1.497s] -- Install configuration: ""
[1.499s] -- Execute custom install script
[1.501s] -- Up-to-date symlink: /home/ubuntu/desktop/ros2_work/Adv_Sim/install/rov_sim/share/rov_sim/urdf/omni_rov.urdf
[1.504s] -- Up-to-date symlink: /home/ubuntu/desktop/ros2_work/Adv_Sim/install/rov_sim/share/rov_sim/worlds/underwater.world
[1.505s] -- Up-to-date symlink: /home/ubuntu/desktop/ros2_work/Adv_Sim/install/rov_sim/share/ament_index/resource_index/package_run_dependencies/rov_sim
[1.506s] -- Up-to-date symlink: /home/ubuntu/desktop/ros2_work/Adv_Sim/install/rov_sim/share/ament_index/resource_index/parent_prefix_path/rov_sim
[1.508s] -- Up-to-date symlink: /home/ubuntu/desktop/ros2_work/Adv_Sim/install/rov_sim/share/rov_sim/environment/ament_prefix_path.sh
[1.509s] -- Up-to-date symlink: /home/ubuntu/desktop/ros2_work/Adv_Sim/install/rov_sim/share/rov_sim/environment/ament_prefix_path.dsv
[1.517s] -- Up-to-date symlink: /home/ubuntu/desktop/ros2_work/Adv_Sim/install/rov_sim/share/rov_sim/environment/path.sh
[1.521s] -- Up-to-date symlink: /home/ubuntu/desktop/ros2_work/Adv_Sim/install/rov_sim/share/rov_sim/environment/path.dsv
[1.522s] -- Up-to-date symlink: /home/ubuntu/desktop/ros2_work/Adv_Sim/install/rov_sim/share/rov_sim/local_setup.bash
[1.524s] -- Up-to-date symlink: /home/ubuntu/desktop/ros2_work/Adv_Sim/install/rov_sim/share/rov_sim/local_setup.sh
[1.542s] -- Up-to-date symlink: /home/ubuntu/desktop/ros2_work/Adv_Sim/install/rov_sim/share/rov_sim/local_setup.zsh
[1.543s] -- Up-to-date symlink: /home/ubuntu/desktop/ros2_work/Adv_Sim/install/rov_sim/share/rov_sim/local_setup.dsv
[1.544s] -- Symlinking: /home/ubuntu/desktop/ros2_work/Adv_Sim/install/rov_sim/share/rov_sim/package.dsv
[1.548s] -- Up-to-date symlink: /home/ubuntu/desktop/ros2_work/Adv_Sim/install/rov_sim/share/ament_index/resource_index/packages/rov_sim
[1.550s] -- Up-to-date symlink: /home/ubuntu/desktop/ros2_work/Adv_Sim/install/rov_sim/share/rov_sim/cmake/rov_simConfig.cmake
[1.551s] -- Up-to-date symlink: /home/ubuntu/desktop/ros2_work/Adv_Sim/install/rov_sim/share/rov_sim/cmake/rov_simConfig-version.cmake
[1.552s] -- Up-to-date symlink: /home/ubuntu/desktop/ros2_work/Adv_Sim/install/rov_sim/share/rov_sim/package.xml
[1.578s] Invoked command in '/home/ubuntu/desktop/ros2_work/Adv_Sim/build/rov_sim' returned '0': CMAKE_PREFIX_PATH=${CMAKE_PREFIX_PATH}:/home/ubuntu/desktop/ros2_work/Adv_Sim/install/sim_launch:/home/ubuntu/desktop/ros2_work/Adv_Sim/install/py_pkg:/opt/ros/jazzy DEBUGINFOD_URLS=https://debuginfod.ubuntu.com /usr/bin/cmake --install /home/ubuntu/desktop/ros2_work/Adv_Sim/build/rov_sim
