[0.572s] Invoking command in '/home/ubuntu/desktop/ros2_work/Adv_Sim/build/py_pkg': PYTHONPATH=/home/ubuntu/desktop/ros2_work/Adv_Sim/build/py_pkg/prefix_override:/usr/lib/python3/dist-packages/colcon_core/task/python/colcon_distutils_commands:/home/ubuntu/desktop/ros2_work/Adv_Sim/install/py_pkg/lib/python3.12/site-packages:${PYTHONPATH} /usr/bin/python3 -W ignore:setup.py install is deprecated -W ignore:easy_install command is deprecated setup.py develop --editable --build-directory /home/ubuntu/desktop/ros2_work/Adv_Sim/build/py_pkg/build --no-deps symlink_data --force
[0.740s] running develop
[0.829s] running egg_info
[0.836s] writing py_pkg.egg-info/PKG-INFO
[0.836s] writing dependency_links to py_pkg.egg-info/dependency_links.txt
[0.837s] writing entry points to py_pkg.egg-info/entry_points.txt
[0.838s] writing requirements to py_pkg.egg-info/requires.txt
[0.838s] writing top-level names to py_pkg.egg-info/top_level.txt
[0.853s] reading manifest file 'py_pkg.egg-info/SOURCES.txt'
[0.855s] writing manifest file 'py_pkg.egg-info/SOURCES.txt'
[0.862s] running build_ext
[0.863s] Creating /home/ubuntu/desktop/ros2_work/Adv_Sim/install/py_pkg/lib/python3.12/site-packages/py-pkg.egg-link (link to .)
[0.864s] Installing keyboard_input script to /home/ubuntu/desktop/ros2_work/Adv_Sim/install/py_pkg/lib/py_pkg
[0.865s] Installing reciever script to /home/ubuntu/desktop/ros2_work/Adv_Sim/install/py_pkg/lib/py_pkg
[0.866s] 
[0.866s] Installed /home/ubuntu/desktop/ros2_work/adv_sim/build/py_pkg
[0.867s] running symlink_data
[0.867s] symbolically linking /home/ubuntu/desktop/ros2_work/Adv_Sim/build/py_pkg/resource/py_pkg -> /home/ubuntu/desktop/ros2_work/Adv_Sim/install/py_pkg/share/ament_index/resource_index/packages
[0.867s] symbolically linking /home/ubuntu/desktop/ros2_work/Adv_Sim/build/py_pkg/package.xml -> /home/ubuntu/desktop/ros2_work/Adv_Sim/install/py_pkg/share/py_pkg
[0.897s] Invoked command in '/home/ubuntu/desktop/ros2_work/Adv_Sim/build/py_pkg' returned '0': PYTHONPATH=/home/ubuntu/desktop/ros2_work/Adv_Sim/build/py_pkg/prefix_override:/usr/lib/python3/dist-packages/colcon_core/task/python/colcon_distutils_commands:/home/ubuntu/desktop/ros2_work/Adv_Sim/install/py_pkg/lib/python3.12/site-packages:${PYTHONPATH} /usr/bin/python3 -W ignore:setup.py install is deprecated -W ignore:easy_install command is deprecated setup.py develop --editable --build-directory /home/ubuntu/desktop/ros2_work/Adv_Sim/build/py_pkg/build --no-deps symlink_data --force
