running develop
running egg_info
creating py_pkg.egg-info
writing py_pkg.egg-info/PKG-INFO
writing dependency_links to py_pkg.egg-info/dependency_links.txt
writing entry points to py_pkg.egg-info/entry_points.txt
writing requirements to py_pkg.egg-info/requires.txt
writing top-level names to py_pkg.egg-info/top_level.txt
writing manifest file 'py_pkg.egg-info/SOURCES.txt'
reading manifest file 'py_pkg.egg-info/SOURCES.txt'
writing manifest file 'py_pkg.egg-info/SOURCES.txt'
running build_ext
Creating /home/ubuntu/desktop/ros2_work/adv_sim/install/py_pkg/lib/python3.12/site-packages/py-pkg.egg-link (link to .)
Installing keyboard_input script to /home/ubuntu/desktop/ros2_work/adv_sim/install/py_pkg/lib/py_pkg
Installing reciever script to /home/ubuntu/desktop/ros2_work/adv_sim/install/py_pkg/lib/py_pkg

Installed /home/ubuntu/desktop/ros2_work/Adv_Sim/build/py_pkg
running symlink_data
creating /home/ubuntu/desktop/ros2_work/adv_sim/install/py_pkg/share/ament_index
creating /home/ubuntu/desktop/ros2_work/adv_sim/install/py_pkg/share/ament_index/resource_index
creating /home/ubuntu/desktop/ros2_work/adv_sim/install/py_pkg/share/ament_index/resource_index/packages
symbolically linking /home/ubuntu/desktop/ros2_work/adv_sim/build/py_pkg/resource/py_pkg -> /home/ubuntu/desktop/ros2_work/adv_sim/install/py_pkg/share/ament_index/resource_index/packages
symbolically linking /home/ubuntu/desktop/ros2_work/adv_sim/build/py_pkg/package.xml -> /home/ubuntu/desktop/ros2_work/adv_sim/install/py_pkg/share/py_pkg
