[1.603s] Invoking command in '/home/ubuntu/desktop/ros2_work/Adv_Sim/build/py_pkg': DEBUGINFOD_URLS=https://debuginfod.ubuntu.com PYTHONPATH=/home/ubuntu/desktop/ros2_work/Adv_Sim/build/py_pkg/prefix_override:/usr/lib/python3/dist-packages/colcon_core/task/python/colcon_distutils_commands:/home/ubuntu/desktop/ros2_work/Adv_Sim/install/py_pkg/lib/python3.12/site-packages:${PYTHONPATH} /usr/bin/python3 -W ignore:setup.py install is deprecated -W ignore:easy_install command is deprecated setup.py develop --editable --build-directory /home/ubuntu/desktop/ros2_work/Adv_Sim/build/py_pkg/build --no-deps symlink_data --force
[2.015s] running develop
[2.241s] running egg_info
[2.261s] writing py_pkg.egg-info/PKG-INFO
[2.261s] writing dependency_links to py_pkg.egg-info/dependency_links.txt
[2.263s] writing entry points to py_pkg.egg-info/entry_points.txt
[2.264s] writing requirements to py_pkg.egg-info/requires.txt
[2.266s] writing top-level names to py_pkg.egg-info/top_level.txt
[2.337s] reading manifest file 'py_pkg.egg-info/SOURCES.txt'
[2.342s] writing manifest file 'py_pkg.egg-info/SOURCES.txt'
[2.366s] running build_ext
[2.366s] Creating /home/ubuntu/desktop/ros2_work/Adv_Sim/install/py_pkg/lib/python3.12/site-packages/py-pkg.egg-link (link to .)
[2.373s] Installing keyboard_input script to /home/ubuntu/desktop/ros2_work/Adv_Sim/install/py_pkg/lib/py_pkg
[2.376s] Installing reciever script to /home/ubuntu/desktop/ros2_work/Adv_Sim/install/py_pkg/lib/py_pkg
[2.378s] 
[2.379s] Installed /home/ubuntu/desktop/ros2_work/adv_sim/build/py_pkg
[2.380s] running symlink_data
[2.382s] symbolically linking /home/ubuntu/desktop/ros2_work/Adv_Sim/build/py_pkg/resource/py_pkg -> /home/ubuntu/desktop/ros2_work/Adv_Sim/install/py_pkg/share/ament_index/resource_index/packages
[2.386s] symbolically linking /home/ubuntu/desktop/ros2_work/Adv_Sim/build/py_pkg/package.xml -> /home/ubuntu/desktop/ros2_work/Adv_Sim/install/py_pkg/share/py_pkg
[2.435s] Invoked command in '/home/ubuntu/desktop/ros2_work/Adv_Sim/build/py_pkg' returned '0': DEBUGINFOD_URLS=https://debuginfod.ubuntu.com PYTHONPATH=/home/ubuntu/desktop/ros2_work/Adv_Sim/build/py_pkg/prefix_override:/usr/lib/python3/dist-packages/colcon_core/task/python/colcon_distutils_commands:/home/ubuntu/desktop/ros2_work/Adv_Sim/install/py_pkg/lib/python3.12/site-packages:${PYTHONPATH} /usr/bin/python3 -W ignore:setup.py install is deprecated -W ignore:easy_install command is deprecated setup.py develop --editable --build-directory /home/ubuntu/desktop/ros2_work/Adv_Sim/build/py_pkg/build --no-deps symlink_data --force
