[0.050s] DEBUG:colcon:Command line arguments: ['/usr/bin/colcon', 'build', '--symlink-install']
[0.050s] DEBUG:colcon:Parsed command line arguments: Namespace(log_base=None, log_level=None, verb_name='build', build_base='build', install_base='install', merge_install=False, symlink_install=True, test_result_base=None, continue_on_error=False, executor='parallel', parallel_workers=10, event_handlers=None, ignore_user_meta=False, metas=['./colcon.meta'], base_paths=['.'], packages_ignore=None, packages_ignore_regex=None, paths=None, packages_up_to=None, packages_up_to_regex=None, packages_above=None, packages_above_and_dependencies=None, packages_above_depth=None, packages_select_by_dep=None, packages_skip_by_dep=None, packages_skip_up_to=None, packages_select_build_failed=False, packages_skip_build_finished=False, packages_select_test_failures=False, packages_skip_test_passed=False, packages_select=None, packages_skip=None, packages_select_regex=None, packages_skip_regex=None, packages_start=None, packages_end=None, allow_overriding=[], cmake_args=None, cmake_target=None, cmake_target_skip_unavailable=False, cmake_clean_cache=False, cmake_clean_first=False, cmake_force_configure=False, ament_cmake_args=None, catkin_cmake_args=None, catkin_skip_building_tests=False, verb_parser=<colcon_defaults.argument_parser.defaults.DefaultArgumentsDecorator object at 0xffffa6358d10>, verb_extension=<colcon_core.verb.build.BuildVerb object at 0xffffa652e1b0>, main=<bound method BuildVerb.main of <colcon_core.verb.build.BuildVerb object at 0xffffa652e1b0>>)
[0.068s] Level 1:colcon.colcon_core.package_discovery:discover_packages(colcon_meta) check parameters
[0.068s] Level 1:colcon.colcon_core.package_discovery:discover_packages(recursive) check parameters
[0.068s] Level 1:colcon.colcon_core.package_discovery:discover_packages(ignore) check parameters
[0.068s] Level 1:colcon.colcon_core.package_discovery:discover_packages(path) check parameters
[0.068s] Level 1:colcon.colcon_core.package_discovery:discover_packages(colcon_meta) discover
[0.068s] Level 1:colcon.colcon_core.package_discovery:discover_packages(recursive) discover
[0.068s] INFO:colcon.colcon_core.package_discovery:Crawling recursively for packages in '/home/ubuntu/desktop/ros2_work/adv_sim'
[0.068s] Level 1:colcon.colcon_core.package_identification:_identify(.) by extensions ['ignore', 'ignore_ament_install']
[0.068s] Level 1:colcon.colcon_core.package_identification:_identify(.) by extension 'ignore'
[0.068s] Level 1:colcon.colcon_core.package_identification:_identify(.) by extension 'ignore_ament_install'
[0.069s] Level 1:colcon.colcon_core.package_identification:_identify(.) by extensions ['colcon_pkg']
[0.069s] Level 1:colcon.colcon_core.package_identification:_identify(.) by extension 'colcon_pkg'
[0.069s] Level 1:colcon.colcon_core.package_identification:_identify(.) by extensions ['colcon_meta']
[0.069s] Level 1:colcon.colcon_core.package_identification:_identify(.) by extension 'colcon_meta'
[0.069s] Level 1:colcon.colcon_core.package_identification:_identify(.) by extensions ['ros']
[0.069s] Level 1:colcon.colcon_core.package_identification:_identify(.) by extension 'ros'
[0.083s] Level 1:colcon.colcon_core.package_identification:_identify(.) by extensions ['cmake', 'python']
[0.083s] Level 1:colcon.colcon_core.package_identification:_identify(.) by extension 'cmake'
[0.083s] Level 1:colcon.colcon_core.package_identification:_identify(.) by extension 'python'
[0.084s] Level 1:colcon.colcon_core.package_identification:_identify(.) by extensions ['python_setup_py']
[0.084s] Level 1:colcon.colcon_core.package_identification:_identify(.) by extension 'python_setup_py'
[0.084s] Level 1:colcon.colcon_core.package_identification:_identify(build) by extensions ['ignore', 'ignore_ament_install']
[0.084s] Level 1:colcon.colcon_core.package_identification:_identify(build) by extension 'ignore'
[0.084s] Level 1:colcon.colcon_core.package_identification:_identify(build) ignored
[0.084s] Level 1:colcon.colcon_core.package_identification:_identify(install) by extensions ['ignore', 'ignore_ament_install']
[0.084s] Level 1:colcon.colcon_core.package_identification:_identify(install) by extension 'ignore'
[0.085s] Level 1:colcon.colcon_core.package_identification:_identify(install) ignored
[0.085s] Level 1:colcon.colcon_core.package_identification:_identify(log) by extensions ['ignore', 'ignore_ament_install']
[0.085s] Level 1:colcon.colcon_core.package_identification:_identify(log) by extension 'ignore'
[0.085s] Level 1:colcon.colcon_core.package_identification:_identify(log) ignored
[0.086s] Level 1:colcon.colcon_core.package_identification:_identify(src) by extensions ['ignore', 'ignore_ament_install']
[0.086s] Level 1:colcon.colcon_core.package_identification:_identify(src) by extension 'ignore'
[0.086s] Level 1:colcon.colcon_core.package_identification:_identify(src) by extension 'ignore_ament_install'
[0.086s] Level 1:colcon.colcon_core.package_identification:_identify(src) by extensions ['colcon_pkg']
[0.086s] Level 1:colcon.colcon_core.package_identification:_identify(src) by extension 'colcon_pkg'
[0.086s] Level 1:colcon.colcon_core.package_identification:_identify(src) by extensions ['colcon_meta']
[0.086s] Level 1:colcon.colcon_core.package_identification:_identify(src) by extension 'colcon_meta'
[0.086s] Level 1:colcon.colcon_core.package_identification:_identify(src) by extensions ['ros']
[0.086s] Level 1:colcon.colcon_core.package_identification:_identify(src) by extension 'ros'
[0.086s] Level 1:colcon.colcon_core.package_identification:_identify(src) by extensions ['cmake', 'python']
[0.087s] Level 1:colcon.colcon_core.package_identification:_identify(src) by extension 'cmake'
[0.087s] Level 1:colcon.colcon_core.package_identification:_identify(src) by extension 'python'
[0.087s] Level 1:colcon.colcon_core.package_identification:_identify(src) by extensions ['python_setup_py']
[0.087s] Level 1:colcon.colcon_core.package_identification:_identify(src) by extension 'python_setup_py'
[0.087s] Level 1:colcon.colcon_core.package_identification:_identify(src/py_pkg) by extensions ['ignore', 'ignore_ament_install']
[0.087s] Level 1:colcon.colcon_core.package_identification:_identify(src/py_pkg) by extension 'ignore'
[0.087s] Level 1:colcon.colcon_core.package_identification:_identify(src/py_pkg) by extension 'ignore_ament_install'
[0.087s] Level 1:colcon.colcon_core.package_identification:_identify(src/py_pkg) by extensions ['colcon_pkg']
[0.087s] Level 1:colcon.colcon_core.package_identification:_identify(src/py_pkg) by extension 'colcon_pkg'
[0.087s] Level 1:colcon.colcon_core.package_identification:_identify(src/py_pkg) by extensions ['colcon_meta']
[0.088s] Level 1:colcon.colcon_core.package_identification:_identify(src/py_pkg) by extension 'colcon_meta'
[0.088s] Level 1:colcon.colcon_core.package_identification:_identify(src/py_pkg) by extensions ['ros']
[0.088s] Level 1:colcon.colcon_core.package_identification:_identify(src/py_pkg) by extension 'ros'
[0.090s] DEBUG:colcon.colcon_core.package_identification:Package 'src/py_pkg' with type 'ros.ament_python' and name 'py_pkg'
[0.091s] Level 1:colcon.colcon_core.package_identification:_identify(src/rov_sim) by extensions ['ignore', 'ignore_ament_install']
[0.091s] Level 1:colcon.colcon_core.package_identification:_identify(src/rov_sim) by extension 'ignore'
[0.091s] Level 1:colcon.colcon_core.package_identification:_identify(src/rov_sim) by extension 'ignore_ament_install'
[0.091s] Level 1:colcon.colcon_core.package_identification:_identify(src/rov_sim) by extensions ['colcon_pkg']
[0.091s] Level 1:colcon.colcon_core.package_identification:_identify(src/rov_sim) by extension 'colcon_pkg'
[0.091s] Level 1:colcon.colcon_core.package_identification:_identify(src/rov_sim) by extensions ['colcon_meta']
[0.091s] Level 1:colcon.colcon_core.package_identification:_identify(src/rov_sim) by extension 'colcon_meta'
[0.091s] Level 1:colcon.colcon_core.package_identification:_identify(src/rov_sim) by extensions ['ros']
[0.091s] Level 1:colcon.colcon_core.package_identification:_identify(src/rov_sim) by extension 'ros'
[0.092s] DEBUG:colcon.colcon_core.package_identification:Package 'src/rov_sim' with type 'ros.ament_cmake' and name 'rov_sim'
[0.092s] Level 1:colcon.colcon_core.package_identification:_identify(src/sim_launch) by extensions ['ignore', 'ignore_ament_install']
[0.093s] Level 1:colcon.colcon_core.package_identification:_identify(src/sim_launch) by extension 'ignore'
[0.093s] Level 1:colcon.colcon_core.package_identification:_identify(src/sim_launch) by extension 'ignore_ament_install'
[0.093s] Level 1:colcon.colcon_core.package_identification:_identify(src/sim_launch) by extensions ['colcon_pkg']
[0.093s] Level 1:colcon.colcon_core.package_identification:_identify(src/sim_launch) by extension 'colcon_pkg'
[0.093s] Level 1:colcon.colcon_core.package_identification:_identify(src/sim_launch) by extensions ['colcon_meta']
[0.093s] Level 1:colcon.colcon_core.package_identification:_identify(src/sim_launch) by extension 'colcon_meta'
[0.093s] Level 1:colcon.colcon_core.package_identification:_identify(src/sim_launch) by extensions ['ros']
[0.093s] Level 1:colcon.colcon_core.package_identification:_identify(src/sim_launch) by extension 'ros'
[0.094s] DEBUG:colcon.colcon_core.package_identification:Package 'src/sim_launch' with type 'ros.ament_python' and name 'sim_launch'
[0.094s] Level 1:colcon.colcon_core.package_discovery:discover_packages(recursive) using defaults
[0.094s] Level 1:colcon.colcon_core.package_discovery:discover_packages(ignore) discover
[0.094s] Level 1:colcon.colcon_core.package_discovery:discover_packages(ignore) using defaults
[0.094s] Level 1:colcon.colcon_core.package_discovery:discover_packages(path) discover
[0.094s] Level 1:colcon.colcon_core.package_discovery:discover_packages(path) using defaults
[0.104s] Level 1:colcon.colcon_core.package_discovery:discover_packages(prefix_path) check parameters
[0.104s] Level 1:colcon.colcon_core.package_discovery:discover_packages(prefix_path) discover
[0.106s] DEBUG:colcon.colcon_installed_package_information.package_discovery:Found 3 installed packages in /home/ubuntu/desktop/ros2_work/Adv_Sim/install
[0.107s] DEBUG:colcon.colcon_installed_package_information.package_discovery:Found 315 installed packages in /opt/ros/jazzy
[0.107s] Level 1:colcon.colcon_core.package_discovery:discover_packages(prefix_path) using defaults
[0.126s] Level 5:colcon.colcon_core.verb:set package 'py_pkg' build argument 'cmake_args' from command line to 'None'
[0.127s] Level 5:colcon.colcon_core.verb:set package 'py_pkg' build argument 'cmake_target' from command line to 'None'
[0.127s] Level 5:colcon.colcon_core.verb:set package 'py_pkg' build argument 'cmake_target_skip_unavailable' from command line to 'False'
[0.127s] Level 5:colcon.colcon_core.verb:set package 'py_pkg' build argument 'cmake_clean_cache' from command line to 'False'
[0.127s] Level 5:colcon.colcon_core.verb:set package 'py_pkg' build argument 'cmake_clean_first' from command line to 'False'
[0.127s] Level 5:colcon.colcon_core.verb:set package 'py_pkg' build argument 'cmake_force_configure' from command line to 'False'
[0.127s] Level 5:colcon.colcon_core.verb:set package 'py_pkg' build argument 'ament_cmake_args' from command line to 'None'
[0.127s] Level 5:colcon.colcon_core.verb:set package 'py_pkg' build argument 'catkin_cmake_args' from command line to 'None'
[0.127s] Level 5:colcon.colcon_core.verb:set package 'py_pkg' build argument 'catkin_skip_building_tests' from command line to 'False'
[0.127s] DEBUG:colcon.colcon_core.verb:Building package 'py_pkg' with the following arguments: {'ament_cmake_args': None, 'build_base': '/home/ubuntu/desktop/ros2_work/Adv_Sim/build/py_pkg', 'catkin_cmake_args': None, 'catkin_skip_building_tests': False, 'cmake_args': None, 'cmake_clean_cache': False, 'cmake_clean_first': False, 'cmake_force_configure': False, 'cmake_target': None, 'cmake_target_skip_unavailable': False, 'install_base': '/home/ubuntu/desktop/ros2_work/Adv_Sim/install/py_pkg', 'merge_install': False, 'path': '/home/ubuntu/desktop/ros2_work/Adv_Sim/src/py_pkg', 'symlink_install': True, 'test_result_base': None}
[0.127s] Level 5:colcon.colcon_core.verb:set package 'rov_sim' build argument 'cmake_args' from command line to 'None'
[0.127s] Level 5:colcon.colcon_core.verb:set package 'rov_sim' build argument 'cmake_target' from command line to 'None'
[0.127s] Level 5:colcon.colcon_core.verb:set package 'rov_sim' build argument 'cmake_target_skip_unavailable' from command line to 'False'
[0.127s] Level 5:colcon.colcon_core.verb:set package 'rov_sim' build argument 'cmake_clean_cache' from command line to 'False'
[0.127s] Level 5:colcon.colcon_core.verb:set package 'rov_sim' build argument 'cmake_clean_first' from command line to 'False'
[0.128s] Level 5:colcon.colcon_core.verb:set package 'rov_sim' build argument 'cmake_force_configure' from command line to 'False'
[0.128s] Level 5:colcon.colcon_core.verb:set package 'rov_sim' build argument 'ament_cmake_args' from command line to 'None'
[0.128s] Level 5:colcon.colcon_core.verb:set package 'rov_sim' build argument 'catkin_cmake_args' from command line to 'None'
[0.128s] Level 5:colcon.colcon_core.verb:set package 'rov_sim' build argument 'catkin_skip_building_tests' from command line to 'False'
[0.128s] DEBUG:colcon.colcon_core.verb:Building package 'rov_sim' with the following arguments: {'ament_cmake_args': None, 'build_base': '/home/ubuntu/desktop/ros2_work/Adv_Sim/build/rov_sim', 'catkin_cmake_args': None, 'catkin_skip_building_tests': False, 'cmake_args': None, 'cmake_clean_cache': False, 'cmake_clean_first': False, 'cmake_force_configure': False, 'cmake_target': None, 'cmake_target_skip_unavailable': False, 'install_base': '/home/ubuntu/desktop/ros2_work/Adv_Sim/install/rov_sim', 'merge_install': False, 'path': '/home/ubuntu/desktop/ros2_work/Adv_Sim/src/rov_sim', 'symlink_install': True, 'test_result_base': None}
[0.128s] Level 5:colcon.colcon_core.verb:set package 'sim_launch' build argument 'cmake_args' from command line to 'None'
[0.128s] Level 5:colcon.colcon_core.verb:set package 'sim_launch' build argument 'cmake_target' from command line to 'None'
[0.128s] Level 5:colcon.colcon_core.verb:set package 'sim_launch' build argument 'cmake_target_skip_unavailable' from command line to 'False'
[0.128s] Level 5:colcon.colcon_core.verb:set package 'sim_launch' build argument 'cmake_clean_cache' from command line to 'False'
[0.128s] Level 5:colcon.colcon_core.verb:set package 'sim_launch' build argument 'cmake_clean_first' from command line to 'False'
[0.128s] Level 5:colcon.colcon_core.verb:set package 'sim_launch' build argument 'cmake_force_configure' from command line to 'False'
[0.128s] Level 5:colcon.colcon_core.verb:set package 'sim_launch' build argument 'ament_cmake_args' from command line to 'None'
[0.128s] Level 5:colcon.colcon_core.verb:set package 'sim_launch' build argument 'catkin_cmake_args' from command line to 'None'
[0.128s] Level 5:colcon.colcon_core.verb:set package 'sim_launch' build argument 'catkin_skip_building_tests' from command line to 'False'
[0.128s] DEBUG:colcon.colcon_core.verb:Building package 'sim_launch' with the following arguments: {'ament_cmake_args': None, 'build_base': '/home/ubuntu/desktop/ros2_work/Adv_Sim/build/sim_launch', 'catkin_cmake_args': None, 'catkin_skip_building_tests': False, 'cmake_args': None, 'cmake_clean_cache': False, 'cmake_clean_first': False, 'cmake_force_configure': False, 'cmake_target': None, 'cmake_target_skip_unavailable': False, 'install_base': '/home/ubuntu/desktop/ros2_work/Adv_Sim/install/sim_launch', 'merge_install': False, 'path': '/home/ubuntu/desktop/ros2_work/Adv_Sim/src/sim_launch', 'symlink_install': True, 'test_result_base': None}
[0.128s] INFO:colcon.colcon_core.executor:Executing jobs using 'parallel' executor
[0.129s] DEBUG:colcon.colcon_parallel_executor.executor.parallel:run_until_complete
[0.129s] INFO:colcon.colcon_ros.task.ament_python.build:Building ROS package in '/home/ubuntu/desktop/ros2_work/Adv_Sim/src/py_pkg' with build type 'ament_python'
[0.129s] Level 1:colcon.colcon_core.shell:create_environment_hook('py_pkg', 'ament_prefix_path')
[0.131s] INFO:colcon.colcon_core.plugin_system:Skipping extension 'colcon_core.shell.bat': Not used on non-Windows systems
[0.131s] INFO:colcon.colcon_core.shell:Creating environment hook '/home/ubuntu/desktop/ros2_work/Adv_Sim/install/py_pkg/share/py_pkg/hook/ament_prefix_path.ps1'
[0.132s] INFO:colcon.colcon_core.shell:Creating environment descriptor '/home/ubuntu/desktop/ros2_work/Adv_Sim/install/py_pkg/share/py_pkg/hook/ament_prefix_path.dsv'
[0.132s] INFO:colcon.colcon_core.shell:Creating environment hook '/home/ubuntu/desktop/ros2_work/Adv_Sim/install/py_pkg/share/py_pkg/hook/ament_prefix_path.sh'
[0.134s] INFO:colcon.colcon_core.shell:Skip shell extension 'powershell' for command environment: Not usable outside of PowerShell
[0.134s] DEBUG:colcon.colcon_core.shell:Skip shell extension 'dsv' for command environment
[0.139s] INFO:colcon.colcon_ros.task.ament_cmake.build:Building ROS package in '/home/ubuntu/desktop/ros2_work/Adv_Sim/src/rov_sim' with build type 'ament_cmake'
[0.140s] INFO:colcon.colcon_cmake.task.cmake.build:Building CMake package in '/home/ubuntu/desktop/ros2_work/Adv_Sim/src/rov_sim'
[0.140s] INFO:colcon.colcon_core.shell:Skip shell extension 'powershell' for command environment: Not usable outside of PowerShell
[0.140s] DEBUG:colcon.colcon_core.shell:Skip shell extension 'dsv' for command environment
[0.144s] INFO:colcon.colcon_ros.task.ament_python.build:Building ROS package in '/home/ubuntu/desktop/ros2_work/Adv_Sim/src/sim_launch' with build type 'ament_python'
[0.144s] Level 1:colcon.colcon_core.shell:create_environment_hook('sim_launch', 'ament_prefix_path')
[0.144s] INFO:colcon.colcon_core.shell:Creating environment hook '/home/ubuntu/desktop/ros2_work/Adv_Sim/install/sim_launch/share/sim_launch/hook/ament_prefix_path.ps1'
[0.145s] INFO:colcon.colcon_core.shell:Creating environment descriptor '/home/ubuntu/desktop/ros2_work/Adv_Sim/install/sim_launch/share/sim_launch/hook/ament_prefix_path.dsv'
[0.145s] INFO:colcon.colcon_core.shell:Creating environment hook '/home/ubuntu/desktop/ros2_work/Adv_Sim/install/sim_launch/share/sim_launch/hook/ament_prefix_path.sh'
[0.145s] INFO:colcon.colcon_core.shell:Skip shell extension 'powershell' for command environment: Not usable outside of PowerShell
[0.145s] DEBUG:colcon.colcon_core.shell:Skip shell extension 'dsv' for command environment
[0.242s] INFO:colcon.colcon_core.task.python.build:Building Python package in '/home/ubuntu/desktop/ros2_work/Adv_Sim/src/py_pkg'
[0.242s] INFO:colcon.colcon_core.shell:Skip shell extension 'powershell' for command environment: Not usable outside of PowerShell
[0.242s] DEBUG:colcon.colcon_core.shell:Skip shell extension 'dsv' for command environment
[0.249s] DEBUG:colcon.colcon_core.event_handler.log_command:Invoking command in '/home/ubuntu/desktop/ros2_work/Adv_Sim/build/rov_sim': CMAKE_PREFIX_PATH=${CMAKE_PREFIX_PATH}:/home/ubuntu/desktop/ros2_work/Adv_Sim/install/sim_launch:/home/ubuntu/desktop/ros2_work/Adv_Sim/install/py_pkg:/opt/ros/jazzy /usr/bin/cmake /home/ubuntu/desktop/ros2_work/Adv_Sim/src/rov_sim -DAMENT_CMAKE_SYMLINK_INSTALL=1 -DCMAKE_INSTALL_PREFIX=/home/ubuntu/desktop/ros2_work/Adv_Sim/install/rov_sim
[0.349s] INFO:colcon.colcon_core.task.python.build:Building Python package in '/home/ubuntu/desktop/ros2_work/Adv_Sim/src/sim_launch'
[0.349s] INFO:colcon.colcon_core.shell:Skip shell extension 'powershell' for command environment: Not usable outside of PowerShell
[0.349s] DEBUG:colcon.colcon_core.shell:Skip shell extension 'dsv' for command environment
[0.522s] DEBUG:colcon.colcon_core.event_handler.log_command:Invoked command in '/home/ubuntu/desktop/ros2_work/Adv_Sim/build/rov_sim' returned '0': CMAKE_PREFIX_PATH=${CMAKE_PREFIX_PATH}:/home/ubuntu/desktop/ros2_work/Adv_Sim/install/sim_launch:/home/ubuntu/desktop/ros2_work/Adv_Sim/install/py_pkg:/opt/ros/jazzy /usr/bin/cmake /home/ubuntu/desktop/ros2_work/Adv_Sim/src/rov_sim -DAMENT_CMAKE_SYMLINK_INSTALL=1 -DCMAKE_INSTALL_PREFIX=/home/ubuntu/desktop/ros2_work/Adv_Sim/install/rov_sim
[0.523s] DEBUG:colcon.colcon_core.event_handler.log_command:Invoking command in '/home/ubuntu/desktop/ros2_work/Adv_Sim/build/rov_sim': CMAKE_PREFIX_PATH=${CMAKE_PREFIX_PATH}:/home/ubuntu/desktop/ros2_work/Adv_Sim/install/sim_launch:/home/ubuntu/desktop/ros2_work/Adv_Sim/install/py_pkg:/opt/ros/jazzy /usr/bin/cmake --build /home/ubuntu/desktop/ros2_work/Adv_Sim/build/rov_sim -- -j10 -l10
[0.548s] DEBUG:colcon.colcon_core.event_handler.log_command:Invoked command in '/home/ubuntu/desktop/ros2_work/Adv_Sim/build/rov_sim' returned '0': CMAKE_PREFIX_PATH=${CMAKE_PREFIX_PATH}:/home/ubuntu/desktop/ros2_work/Adv_Sim/install/sim_launch:/home/ubuntu/desktop/ros2_work/Adv_Sim/install/py_pkg:/opt/ros/jazzy /usr/bin/cmake --build /home/ubuntu/desktop/ros2_work/Adv_Sim/build/rov_sim -- -j10 -l10
[0.553s] DEBUG:colcon.colcon_core.event_handler.log_command:Invoking command in '/home/ubuntu/desktop/ros2_work/Adv_Sim/build/rov_sim': CMAKE_PREFIX_PATH=${CMAKE_PREFIX_PATH}:/home/ubuntu/desktop/ros2_work/Adv_Sim/install/sim_launch:/home/ubuntu/desktop/ros2_work/Adv_Sim/install/py_pkg:/opt/ros/jazzy /usr/bin/cmake --install /home/ubuntu/desktop/ros2_work/Adv_Sim/build/rov_sim
[0.572s] Level 1:colcon.colcon_core.environment:create_environment_scripts_only(rov_sim)
[0.573s] DEBUG:colcon.colcon_core.event_handler.log_command:Invoked command in '/home/ubuntu/desktop/ros2_work/Adv_Sim/build/rov_sim' returned '0': CMAKE_PREFIX_PATH=${CMAKE_PREFIX_PATH}:/home/ubuntu/desktop/ros2_work/Adv_Sim/install/sim_launch:/home/ubuntu/desktop/ros2_work/Adv_Sim/install/py_pkg:/opt/ros/jazzy /usr/bin/cmake --install /home/ubuntu/desktop/ros2_work/Adv_Sim/build/rov_sim
[0.574s] Level 1:colcon.colcon_core.environment:checking '/home/ubuntu/desktop/ros2_work/Adv_Sim/install/rov_sim' for CMake module files
[0.576s] Level 1:colcon.colcon_core.environment:checking '/home/ubuntu/desktop/ros2_work/Adv_Sim/install/rov_sim' for CMake config files
[0.578s] Level 1:colcon.colcon_core.shell:create_environment_hook('rov_sim', 'cmake_prefix_path')
[0.578s] INFO:colcon.colcon_core.shell:Creating environment hook '/home/ubuntu/desktop/ros2_work/Adv_Sim/install/rov_sim/share/rov_sim/hook/cmake_prefix_path.ps1'
[0.578s] INFO:colcon.colcon_core.shell:Creating environment descriptor '/home/ubuntu/desktop/ros2_work/Adv_Sim/install/rov_sim/share/rov_sim/hook/cmake_prefix_path.dsv'
[0.579s] INFO:colcon.colcon_core.shell:Creating environment hook '/home/ubuntu/desktop/ros2_work/Adv_Sim/install/rov_sim/share/rov_sim/hook/cmake_prefix_path.sh'
[0.579s] Level 1:colcon.colcon_core.environment:checking '/home/ubuntu/desktop/ros2_work/Adv_Sim/install/rov_sim/bin'
[0.579s] Level 1:colcon.colcon_core.environment:checking '/home/ubuntu/desktop/ros2_work/Adv_Sim/install/rov_sim/lib/pkgconfig/rov_sim.pc'
[0.580s] Level 1:colcon.colcon_core.environment:checking '/home/ubuntu/desktop/ros2_work/Adv_Sim/install/rov_sim/lib/python3.12/site-packages'
[0.580s] Level 1:colcon.colcon_core.environment:checking '/home/ubuntu/desktop/ros2_work/Adv_Sim/install/rov_sim/bin'
[0.580s] INFO:colcon.colcon_core.shell:Creating package script '/home/ubuntu/desktop/ros2_work/Adv_Sim/install/rov_sim/share/rov_sim/package.ps1'
[0.580s] INFO:colcon.colcon_core.shell:Creating package descriptor '/home/ubuntu/desktop/ros2_work/Adv_Sim/install/rov_sim/share/rov_sim/package.dsv'
[0.581s] INFO:colcon.colcon_core.shell:Creating package script '/home/ubuntu/desktop/ros2_work/Adv_Sim/install/rov_sim/share/rov_sim/package.sh'
[0.582s] INFO:colcon.colcon_core.shell:Creating package script '/home/ubuntu/desktop/ros2_work/Adv_Sim/install/rov_sim/share/rov_sim/package.bash'
[0.582s] INFO:colcon.colcon_core.shell:Creating package script '/home/ubuntu/desktop/ros2_work/Adv_Sim/install/rov_sim/share/rov_sim/package.zsh'
[0.583s] Level 1:colcon.colcon_core.environment:create_file_with_runtime_dependencies(/home/ubuntu/desktop/ros2_work/Adv_Sim/install/rov_sim/share/colcon-core/packages/rov_sim)
[0.584s] Level 1:colcon.colcon_core.environment:create_environment_scripts_only(rov_sim)
[0.584s] Level 1:colcon.colcon_core.environment:checking '/home/ubuntu/desktop/ros2_work/Adv_Sim/install/rov_sim' for CMake module files
[0.586s] Level 1:colcon.colcon_core.environment:checking '/home/ubuntu/desktop/ros2_work/Adv_Sim/install/rov_sim' for CMake config files
[0.587s] Level 1:colcon.colcon_core.shell:create_environment_hook('rov_sim', 'cmake_prefix_path')
[0.588s] INFO:colcon.colcon_core.shell:Creating environment hook '/home/ubuntu/desktop/ros2_work/Adv_Sim/install/rov_sim/share/rov_sim/hook/cmake_prefix_path.ps1'
[0.588s] INFO:colcon.colcon_core.shell:Creating environment descriptor '/home/ubuntu/desktop/ros2_work/Adv_Sim/install/rov_sim/share/rov_sim/hook/cmake_prefix_path.dsv'
[0.588s] INFO:colcon.colcon_core.shell:Creating environment hook '/home/ubuntu/desktop/ros2_work/Adv_Sim/install/rov_sim/share/rov_sim/hook/cmake_prefix_path.sh'
[0.589s] Level 1:colcon.colcon_core.environment:checking '/home/ubuntu/desktop/ros2_work/Adv_Sim/install/rov_sim/bin'
[0.589s] Level 1:colcon.colcon_core.environment:checking '/home/ubuntu/desktop/ros2_work/Adv_Sim/install/rov_sim/lib/pkgconfig/rov_sim.pc'
[0.589s] Level 1:colcon.colcon_core.environment:checking '/home/ubuntu/desktop/ros2_work/Adv_Sim/install/rov_sim/lib/python3.12/site-packages'
[0.589s] Level 1:colcon.colcon_core.environment:checking '/home/ubuntu/desktop/ros2_work/Adv_Sim/install/rov_sim/bin'
[0.589s] INFO:colcon.colcon_core.shell:Creating package script '/home/ubuntu/desktop/ros2_work/Adv_Sim/install/rov_sim/share/rov_sim/package.ps1'
[0.590s] INFO:colcon.colcon_core.shell:Creating package descriptor '/home/ubuntu/desktop/ros2_work/Adv_Sim/install/rov_sim/share/rov_sim/package.dsv'
[0.590s] INFO:colcon.colcon_core.shell:Creating package script '/home/ubuntu/desktop/ros2_work/Adv_Sim/install/rov_sim/share/rov_sim/package.sh'
[0.590s] INFO:colcon.colcon_core.shell:Creating package script '/home/ubuntu/desktop/ros2_work/Adv_Sim/install/rov_sim/share/rov_sim/package.bash'
[0.591s] INFO:colcon.colcon_core.shell:Creating package script '/home/ubuntu/desktop/ros2_work/Adv_Sim/install/rov_sim/share/rov_sim/package.zsh'
[0.591s] Level 1:colcon.colcon_core.environment:create_file_with_runtime_dependencies(/home/ubuntu/desktop/ros2_work/Adv_Sim/install/rov_sim/share/colcon-core/packages/rov_sim)
[0.637s] DEBUG:colcon.colcon_core.task.python.build:While undoing a previous installation files outside the Python library path are being ignored: /home/ubuntu/desktop/ros2_work/Adv_Sim/install/sim_launch/share/ament_index/resource_index/packages/sim_launch
[0.637s] DEBUG:colcon.colcon_core.task.python.build:While undoing a previous installation files outside the Python library path are being ignored: /home/ubuntu/desktop/ros2_work/Adv_Sim/install/sim_launch/share/sim_launch/package.xml
[0.637s] DEBUG:colcon.colcon_core.task.python.build:While undoing a previous installation files outside the Python library path are being ignored: /home/ubuntu/desktop/ros2_work/Adv_Sim/install/sim_launch/share/sim_launch/launch/launch_code.py
[0.642s] DEBUG:colcon.colcon_core.task.python.build:While undoing a previous installation files outside the Python library path are being ignored: /home/ubuntu/desktop/ros2_work/Adv_Sim/install/py_pkg/share/ament_index/resource_index/packages/py_pkg
[0.642s] DEBUG:colcon.colcon_core.task.python.build:While undoing a previous installation files outside the Python library path are being ignored: /home/ubuntu/desktop/ros2_work/Adv_Sim/install/py_pkg/share/py_pkg/package.xml
[0.642s] DEBUG:colcon.colcon_core.event_handler.log_command:Invoking command in '/home/ubuntu/desktop/ros2_work/Adv_Sim/build/sim_launch': PYTHONPATH=/home/ubuntu/desktop/ros2_work/Adv_Sim/build/sim_launch/prefix_override:/usr/lib/python3/dist-packages/colcon_core/task/python/colcon_distutils_commands:/home/ubuntu/desktop/ros2_work/Adv_Sim/install/sim_launch/lib/python3.12/site-packages:${PYTHONPATH} /usr/bin/python3 -W ignore:setup.py install is deprecated -W ignore:easy_install command is deprecated setup.py develop --editable --build-directory /home/ubuntu/desktop/ros2_work/Adv_Sim/build/sim_launch/build --no-deps symlink_data --force
[0.643s] DEBUG:colcon.colcon_core.task.python.build:While undoing a previous installation files outside the Python library path are being ignored: /home/ubuntu/desktop/ros2_work/Adv_Sim/install/py_pkg/lib/py_pkg/keyboard_input
[0.644s] DEBUG:colcon.colcon_core.task.python.build:While undoing a previous installation files outside the Python library path are being ignored: /home/ubuntu/desktop/ros2_work/Adv_Sim/install/py_pkg/lib/py_pkg/reciever
[0.648s] DEBUG:colcon.colcon_core.event_handler.log_command:Invoking command in '/home/ubuntu/desktop/ros2_work/Adv_Sim/build/py_pkg': PYTHONPATH=/home/ubuntu/desktop/ros2_work/Adv_Sim/build/py_pkg/prefix_override:/usr/lib/python3/dist-packages/colcon_core/task/python/colcon_distutils_commands:/home/ubuntu/desktop/ros2_work/Adv_Sim/install/py_pkg/lib/python3.12/site-packages:${PYTHONPATH} /usr/bin/python3 -W ignore:setup.py install is deprecated -W ignore:easy_install command is deprecated setup.py develop --editable --build-directory /home/ubuntu/desktop/ros2_work/Adv_Sim/build/py_pkg/build --no-deps symlink_data --force
[0.938s] Level 1:colcon.colcon_core.shell:create_environment_hook('sim_launch', 'pythonpath_develop')
[0.939s] INFO:colcon.colcon_core.shell:Creating environment hook '/home/ubuntu/desktop/ros2_work/Adv_Sim/build/sim_launch/share/sim_launch/hook/pythonpath_develop.ps1'
[0.939s] DEBUG:colcon.colcon_core.event_handler.log_command:Invoked command in '/home/ubuntu/desktop/ros2_work/Adv_Sim/build/sim_launch' returned '0': PYTHONPATH=/home/ubuntu/desktop/ros2_work/Adv_Sim/build/sim_launch/prefix_override:/usr/lib/python3/dist-packages/colcon_core/task/python/colcon_distutils_commands:/home/ubuntu/desktop/ros2_work/Adv_Sim/install/sim_launch/lib/python3.12/site-packages:${PYTHONPATH} /usr/bin/python3 -W ignore:setup.py install is deprecated -W ignore:easy_install command is deprecated setup.py develop --editable --build-directory /home/ubuntu/desktop/ros2_work/Adv_Sim/build/sim_launch/build --no-deps symlink_data --force
[0.939s] INFO:colcon.colcon_core.shell:Creating environment descriptor '/home/ubuntu/desktop/ros2_work/Adv_Sim/build/sim_launch/share/sim_launch/hook/pythonpath_develop.dsv'
[0.940s] INFO:colcon.colcon_core.shell:Creating environment hook '/home/ubuntu/desktop/ros2_work/Adv_Sim/build/sim_launch/share/sim_launch/hook/pythonpath_develop.sh'
[0.940s] Level 1:colcon.colcon_core.environment:checking '/home/ubuntu/desktop/ros2_work/Adv_Sim/install/sim_launch' for CMake module files
[0.942s] Level 1:colcon.colcon_core.environment:checking '/home/ubuntu/desktop/ros2_work/Adv_Sim/install/sim_launch' for CMake config files
[0.945s] Level 1:colcon.colcon_core.environment:checking '/home/ubuntu/desktop/ros2_work/Adv_Sim/install/sim_launch/lib'
[0.945s] Level 1:colcon.colcon_core.environment:checking '/home/ubuntu/desktop/ros2_work/Adv_Sim/install/sim_launch/bin'
[0.945s] Level 1:colcon.colcon_core.environment:checking '/home/ubuntu/desktop/ros2_work/Adv_Sim/install/sim_launch/lib/pkgconfig/sim_launch.pc'
[0.945s] Level 1:colcon.colcon_core.environment:checking '/home/ubuntu/desktop/ros2_work/Adv_Sim/install/sim_launch/lib/python3.12/site-packages'
[0.945s] Level 1:colcon.colcon_core.shell:create_environment_hook('sim_launch', 'pythonpath')
[0.946s] INFO:colcon.colcon_core.shell:Creating environment hook '/home/ubuntu/desktop/ros2_work/Adv_Sim/install/sim_launch/share/sim_launch/hook/pythonpath.ps1'
[0.946s] INFO:colcon.colcon_core.shell:Creating environment descriptor '/home/ubuntu/desktop/ros2_work/Adv_Sim/install/sim_launch/share/sim_launch/hook/pythonpath.dsv'
[0.946s] INFO:colcon.colcon_core.shell:Creating environment hook '/home/ubuntu/desktop/ros2_work/Adv_Sim/install/sim_launch/share/sim_launch/hook/pythonpath.sh'
[0.947s] Level 1:colcon.colcon_core.environment:checking '/home/ubuntu/desktop/ros2_work/Adv_Sim/install/sim_launch/bin'
[0.947s] Level 1:colcon.colcon_core.environment:create_environment_scripts_only(sim_launch)
[0.947s] INFO:colcon.colcon_core.shell:Creating package script '/home/ubuntu/desktop/ros2_work/Adv_Sim/install/sim_launch/share/sim_launch/package.ps1'
[0.947s] INFO:colcon.colcon_core.shell:Creating package descriptor '/home/ubuntu/desktop/ros2_work/Adv_Sim/install/sim_launch/share/sim_launch/package.dsv'
[0.948s] INFO:colcon.colcon_core.shell:Creating package script '/home/ubuntu/desktop/ros2_work/Adv_Sim/install/sim_launch/share/sim_launch/package.sh'
[0.948s] INFO:colcon.colcon_core.shell:Creating package script '/home/ubuntu/desktop/ros2_work/Adv_Sim/install/sim_launch/share/sim_launch/package.bash'
[0.948s] INFO:colcon.colcon_core.shell:Creating package script '/home/ubuntu/desktop/ros2_work/Adv_Sim/install/sim_launch/share/sim_launch/package.zsh'
[0.949s] Level 1:colcon.colcon_core.environment:create_file_with_runtime_dependencies(/home/ubuntu/desktop/ros2_work/Adv_Sim/install/sim_launch/share/colcon-core/packages/sim_launch)
[0.949s] Level 1:colcon.colcon_core.shell:create_environment_hook('py_pkg', 'pythonpath_develop')
[0.949s] INFO:colcon.colcon_core.shell:Creating environment hook '/home/ubuntu/desktop/ros2_work/Adv_Sim/build/py_pkg/share/py_pkg/hook/pythonpath_develop.ps1'
[0.950s] INFO:colcon.colcon_core.shell:Creating environment descriptor '/home/ubuntu/desktop/ros2_work/Adv_Sim/build/py_pkg/share/py_pkg/hook/pythonpath_develop.dsv'
[0.950s] DEBUG:colcon.colcon_core.event_handler.log_command:Invoked command in '/home/ubuntu/desktop/ros2_work/Adv_Sim/build/py_pkg' returned '0': PYTHONPATH=/home/ubuntu/desktop/ros2_work/Adv_Sim/build/py_pkg/prefix_override:/usr/lib/python3/dist-packages/colcon_core/task/python/colcon_distutils_commands:/home/ubuntu/desktop/ros2_work/Adv_Sim/install/py_pkg/lib/python3.12/site-packages:${PYTHONPATH} /usr/bin/python3 -W ignore:setup.py install is deprecated -W ignore:easy_install command is deprecated setup.py develop --editable --build-directory /home/ubuntu/desktop/ros2_work/Adv_Sim/build/py_pkg/build --no-deps symlink_data --force
[0.950s] INFO:colcon.colcon_core.shell:Creating environment hook '/home/ubuntu/desktop/ros2_work/Adv_Sim/build/py_pkg/share/py_pkg/hook/pythonpath_develop.sh'
[0.951s] Level 1:colcon.colcon_core.environment:checking '/home/ubuntu/desktop/ros2_work/Adv_Sim/install/py_pkg' for CMake module files
[0.952s] Level 1:colcon.colcon_core.environment:checking '/home/ubuntu/desktop/ros2_work/Adv_Sim/install/py_pkg' for CMake config files
[0.954s] Level 1:colcon.colcon_core.environment:checking '/home/ubuntu/desktop/ros2_work/Adv_Sim/install/py_pkg/lib'
[0.954s] Level 1:colcon.colcon_core.environment:checking '/home/ubuntu/desktop/ros2_work/Adv_Sim/install/py_pkg/bin'
[0.954s] Level 1:colcon.colcon_core.environment:checking '/home/ubuntu/desktop/ros2_work/Adv_Sim/install/py_pkg/lib/pkgconfig/py_pkg.pc'
[0.954s] Level 1:colcon.colcon_core.environment:checking '/home/ubuntu/desktop/ros2_work/Adv_Sim/install/py_pkg/lib/python3.12/site-packages'
[0.954s] Level 1:colcon.colcon_core.shell:create_environment_hook('py_pkg', 'pythonpath')
[0.954s] INFO:colcon.colcon_core.shell:Creating environment hook '/home/ubuntu/desktop/ros2_work/Adv_Sim/install/py_pkg/share/py_pkg/hook/pythonpath.ps1'
[0.955s] INFO:colcon.colcon_core.shell:Creating environment descriptor '/home/ubuntu/desktop/ros2_work/Adv_Sim/install/py_pkg/share/py_pkg/hook/pythonpath.dsv'
[0.955s] INFO:colcon.colcon_core.shell:Creating environment hook '/home/ubuntu/desktop/ros2_work/Adv_Sim/install/py_pkg/share/py_pkg/hook/pythonpath.sh'
[0.955s] Level 1:colcon.colcon_core.environment:checking '/home/ubuntu/desktop/ros2_work/Adv_Sim/install/py_pkg/bin'
[0.956s] Level 1:colcon.colcon_core.environment:create_environment_scripts_only(py_pkg)
[0.956s] INFO:colcon.colcon_core.shell:Creating package script '/home/ubuntu/desktop/ros2_work/Adv_Sim/install/py_pkg/share/py_pkg/package.ps1'
[0.956s] INFO:colcon.colcon_core.shell:Creating package descriptor '/home/ubuntu/desktop/ros2_work/Adv_Sim/install/py_pkg/share/py_pkg/package.dsv'
[0.956s] INFO:colcon.colcon_core.shell:Creating package script '/home/ubuntu/desktop/ros2_work/Adv_Sim/install/py_pkg/share/py_pkg/package.sh'
[0.957s] INFO:colcon.colcon_core.shell:Creating package script '/home/ubuntu/desktop/ros2_work/Adv_Sim/install/py_pkg/share/py_pkg/package.bash'
[0.957s] INFO:colcon.colcon_core.shell:Creating package script '/home/ubuntu/desktop/ros2_work/Adv_Sim/install/py_pkg/share/py_pkg/package.zsh'
[0.957s] Level 1:colcon.colcon_core.environment:create_file_with_runtime_dependencies(/home/ubuntu/desktop/ros2_work/Adv_Sim/install/py_pkg/share/colcon-core/packages/py_pkg)
[0.957s] DEBUG:colcon.colcon_parallel_executor.executor.parallel:closing loop
[0.958s] DEBUG:colcon.colcon_parallel_executor.executor.parallel:loop closed
[0.958s] DEBUG:colcon.colcon_parallel_executor.executor.parallel:run_until_complete finished with '0'
[0.958s] DEBUG:colcon.colcon_core.event_reactor:joining thread
[0.962s] INFO:colcon.colcon_core.plugin_system:Skipping extension 'colcon_notification.desktop_notification.terminal_notifier': Not used on non-Darwin systems
[0.962s] INFO:colcon.colcon_core.plugin_system:Skipping extension 'colcon_notification.desktop_notification.win32': Not used on non-Windows systems
[0.962s] INFO:colcon.colcon_notification.desktop_notification:Sending desktop notification using 'notify2'
[1.025s] DEBUG:colcon.colcon_core.event_reactor:joined thread
[1.025s] INFO:colcon.colcon_core.shell:Creating prefix script '/home/ubuntu/desktop/ros2_work/Adv_Sim/install/local_setup.ps1'
[1.026s] INFO:colcon.colcon_core.shell:Creating prefix util module '/home/ubuntu/desktop/ros2_work/Adv_Sim/install/_local_setup_util_ps1.py'
[1.026s] INFO:colcon.colcon_core.shell:Creating prefix chain script '/home/ubuntu/desktop/ros2_work/Adv_Sim/install/setup.ps1'
[1.028s] INFO:colcon.colcon_core.shell:Creating prefix script '/home/ubuntu/desktop/ros2_work/Adv_Sim/install/local_setup.sh'
[1.028s] INFO:colcon.colcon_core.shell:Creating prefix util module '/home/ubuntu/desktop/ros2_work/Adv_Sim/install/_local_setup_util_sh.py'
[1.029s] INFO:colcon.colcon_core.shell:Creating prefix chain script '/home/ubuntu/desktop/ros2_work/Adv_Sim/install/setup.sh'
[1.030s] INFO:colcon.colcon_core.shell:Creating prefix script '/home/ubuntu/desktop/ros2_work/Adv_Sim/install/local_setup.bash'
[1.030s] INFO:colcon.colcon_core.shell:Creating prefix chain script '/home/ubuntu/desktop/ros2_work/Adv_Sim/install/setup.bash'
[1.031s] INFO:colcon.colcon_core.shell:Creating prefix script '/home/ubuntu/desktop/ros2_work/Adv_Sim/install/local_setup.zsh'
[1.031s] INFO:colcon.colcon_core.shell:Creating prefix chain script '/home/ubuntu/desktop/ros2_work/Adv_Sim/install/setup.zsh'
