[0.099s] DEBUG:colcon:Command line arguments: ['/usr/bin/colcon', 'build']
[0.099s] DEBUG:colcon:Parsed command line arguments: Namespace(log_base=None, log_level=None, verb_name='build', build_base='build', install_base='install', merge_install=False, symlink_install=False, test_result_base=None, continue_on_error=False, executor='parallel', parallel_workers=10, event_handlers=None, ignore_user_meta=False, metas=['./colcon.meta'], base_paths=['.'], packages_ignore=None, packages_ignore_regex=None, paths=None, packages_up_to=None, packages_up_to_regex=None, packages_above=None, packages_above_and_dependencies=None, packages_above_depth=None, packages_select_by_dep=None, packages_skip_by_dep=None, packages_skip_up_to=None, packages_select_build_failed=False, packages_skip_build_finished=False, packages_select_test_failures=False, packages_skip_test_passed=False, packages_select=None, packages_skip=None, packages_select_regex=None, packages_skip_regex=None, packages_start=None, packages_end=None, allow_overriding=[], cmake_args=None, cmake_target=None, cmake_target_skip_unavailable=False, cmake_clean_cache=False, cmake_clean_first=False, cmake_force_configure=False, ament_cmake_args=None, catkin_cmake_args=None, catkin_skip_building_tests=False, verb_parser=<colcon_defaults.argument_parser.defaults.DefaultArgumentsDecorator object at 0xffffb6488d10>, verb_extension=<colcon_core.verb.build.BuildVerb object at 0xffffb6c5bdd0>, main=<bound method BuildVerb.main of <colcon_core.verb.build.BuildVerb object at 0xffffb6c5bdd0>>)
[0.131s] Level 1:colcon.colcon_core.package_discovery:discover_packages(colcon_meta) check parameters
[0.132s] Level 1:colcon.colcon_core.package_discovery:discover_packages(recursive) check parameters
[0.132s] Level 1:colcon.colcon_core.package_discovery:discover_packages(ignore) check parameters
[0.132s] Level 1:colcon.colcon_core.package_discovery:discover_packages(path) check parameters
[0.132s] Level 1:colcon.colcon_core.package_discovery:discover_packages(colcon_meta) discover
[0.132s] Level 1:colcon.colcon_core.package_discovery:discover_packages(recursive) discover
[0.133s] INFO:colcon.colcon_core.package_discovery:Crawling recursively for packages in '/home/ubuntu/desktop/ros2_work/adv_sim'
[0.133s] Level 1:colcon.colcon_core.package_identification:_identify(.) by extensions ['ignore', 'ignore_ament_install']
[0.133s] Level 1:colcon.colcon_core.package_identification:_identify(.) by extension 'ignore'
[0.134s] Level 1:colcon.colcon_core.package_identification:_identify(.) by extension 'ignore_ament_install'
[0.136s] Level 1:colcon.colcon_core.package_identification:_identify(.) by extensions ['colcon_pkg']
[0.137s] Level 1:colcon.colcon_core.package_identification:_identify(.) by extension 'colcon_pkg'
[0.137s] Level 1:colcon.colcon_core.package_identification:_identify(.) by extensions ['colcon_meta']
[0.137s] Level 1:colcon.colcon_core.package_identification:_identify(.) by extension 'colcon_meta'
[0.137s] Level 1:colcon.colcon_core.package_identification:_identify(.) by extensions ['ros']
[0.137s] Level 1:colcon.colcon_core.package_identification:_identify(.) by extension 'ros'
[0.156s] Level 1:colcon.colcon_core.package_identification:_identify(.) by extensions ['cmake', 'python']
[0.156s] Level 1:colcon.colcon_core.package_identification:_identify(.) by extension 'cmake'
[0.157s] Level 1:colcon.colcon_core.package_identification:_identify(.) by extension 'python'
[0.157s] Level 1:colcon.colcon_core.package_identification:_identify(.) by extensions ['python_setup_py']
[0.157s] Level 1:colcon.colcon_core.package_identification:_identify(.) by extension 'python_setup_py'
[0.158s] Level 1:colcon.colcon_core.package_identification:_identify(build) by extensions ['ignore', 'ignore_ament_install']
[0.159s] Level 1:colcon.colcon_core.package_identification:_identify(build) by extension 'ignore'
[0.159s] Level 1:colcon.colcon_core.package_identification:_identify(build) ignored
[0.160s] Level 1:colcon.colcon_core.package_identification:_identify(install) by extensions ['ignore', 'ignore_ament_install']
[0.161s] Level 1:colcon.colcon_core.package_identification:_identify(install) by extension 'ignore'
[0.161s] Level 1:colcon.colcon_core.package_identification:_identify(install) ignored
[0.162s] Level 1:colcon.colcon_core.package_identification:_identify(log) by extensions ['ignore', 'ignore_ament_install']
[0.162s] Level 1:colcon.colcon_core.package_identification:_identify(log) by extension 'ignore'
[0.163s] Level 1:colcon.colcon_core.package_identification:_identify(log) ignored
[0.164s] Level 1:colcon.colcon_core.package_identification:_identify(src) by extensions ['ignore', 'ignore_ament_install']
[0.164s] Level 1:colcon.colcon_core.package_identification:_identify(src) by extension 'ignore'
[0.164s] Level 1:colcon.colcon_core.package_identification:_identify(src) by extension 'ignore_ament_install'
[0.165s] Level 1:colcon.colcon_core.package_identification:_identify(src) by extensions ['colcon_pkg']
[0.165s] Level 1:colcon.colcon_core.package_identification:_identify(src) by extension 'colcon_pkg'
[0.165s] Level 1:colcon.colcon_core.package_identification:_identify(src) by extensions ['colcon_meta']
[0.165s] Level 1:colcon.colcon_core.package_identification:_identify(src) by extension 'colcon_meta'
[0.165s] Level 1:colcon.colcon_core.package_identification:_identify(src) by extensions ['ros']
[0.165s] Level 1:colcon.colcon_core.package_identification:_identify(src) by extension 'ros'
[0.166s] Level 1:colcon.colcon_core.package_identification:_identify(src) by extensions ['cmake', 'python']
[0.166s] Level 1:colcon.colcon_core.package_identification:_identify(src) by extension 'cmake'
[0.167s] Level 1:colcon.colcon_core.package_identification:_identify(src) by extension 'python'
[0.167s] Level 1:colcon.colcon_core.package_identification:_identify(src) by extensions ['python_setup_py']
[0.167s] Level 1:colcon.colcon_core.package_identification:_identify(src) by extension 'python_setup_py'
[0.168s] Level 1:colcon.colcon_core.package_identification:_identify(src/py_pkg) by extensions ['ignore', 'ignore_ament_install']
[0.168s] Level 1:colcon.colcon_core.package_identification:_identify(src/py_pkg) by extension 'ignore'
[0.168s] Level 1:colcon.colcon_core.package_identification:_identify(src/py_pkg) by extension 'ignore_ament_install'
[0.168s] Level 1:colcon.colcon_core.package_identification:_identify(src/py_pkg) by extensions ['colcon_pkg']
[0.169s] Level 1:colcon.colcon_core.package_identification:_identify(src/py_pkg) by extension 'colcon_pkg'
[0.169s] Level 1:colcon.colcon_core.package_identification:_identify(src/py_pkg) by extensions ['colcon_meta']
[0.169s] Level 1:colcon.colcon_core.package_identification:_identify(src/py_pkg) by extension 'colcon_meta'
[0.169s] Level 1:colcon.colcon_core.package_identification:_identify(src/py_pkg) by extensions ['ros']
[0.169s] Level 1:colcon.colcon_core.package_identification:_identify(src/py_pkg) by extension 'ros'
[0.173s] DEBUG:colcon.colcon_core.package_identification:Package 'src/py_pkg' with type 'ros.ament_python' and name 'py_pkg'
[0.174s] Level 1:colcon.colcon_core.package_identification:_identify(src/rov_sim) by extensions ['ignore', 'ignore_ament_install']
[0.174s] Level 1:colcon.colcon_core.package_identification:_identify(src/rov_sim) by extension 'ignore'
[0.174s] Level 1:colcon.colcon_core.package_identification:_identify(src/rov_sim) by extension 'ignore_ament_install'
[0.175s] Level 1:colcon.colcon_core.package_identification:_identify(src/rov_sim) by extensions ['colcon_pkg']
[0.175s] Level 1:colcon.colcon_core.package_identification:_identify(src/rov_sim) by extension 'colcon_pkg'
[0.175s] Level 1:colcon.colcon_core.package_identification:_identify(src/rov_sim) by extensions ['colcon_meta']
[0.178s] Level 1:colcon.colcon_core.package_identification:_identify(src/rov_sim) by extension 'colcon_meta'
[0.178s] Level 1:colcon.colcon_core.package_identification:_identify(src/rov_sim) by extensions ['ros']
[0.178s] Level 1:colcon.colcon_core.package_identification:_identify(src/rov_sim) by extension 'ros'
[0.180s] DEBUG:colcon.colcon_core.package_identification:Package 'src/rov_sim' with type 'ros.ament_cmake' and name 'rov_sim'
[0.181s] Level 1:colcon.colcon_core.package_identification:_identify(src/sim_launch) by extensions ['ignore', 'ignore_ament_install']
[0.181s] Level 1:colcon.colcon_core.package_identification:_identify(src/sim_launch) by extension 'ignore'
[0.182s] Level 1:colcon.colcon_core.package_identification:_identify(src/sim_launch) by extension 'ignore_ament_install'
[0.182s] Level 1:colcon.colcon_core.package_identification:_identify(src/sim_launch) by extensions ['colcon_pkg']
[0.182s] Level 1:colcon.colcon_core.package_identification:_identify(src/sim_launch) by extension 'colcon_pkg'
[0.183s] Level 1:colcon.colcon_core.package_identification:_identify(src/sim_launch) by extensions ['colcon_meta']
[0.183s] Level 1:colcon.colcon_core.package_identification:_identify(src/sim_launch) by extension 'colcon_meta'
[0.183s] Level 1:colcon.colcon_core.package_identification:_identify(src/sim_launch) by extensions ['ros']
[0.183s] Level 1:colcon.colcon_core.package_identification:_identify(src/sim_launch) by extension 'ros'
[0.186s] DEBUG:colcon.colcon_core.package_identification:Package 'src/sim_launch' with type 'ros.ament_python' and name 'sim_launch'
[0.187s] Level 1:colcon.colcon_core.package_discovery:discover_packages(recursive) using defaults
[0.187s] Level 1:colcon.colcon_core.package_discovery:discover_packages(ignore) discover
[0.187s] Level 1:colcon.colcon_core.package_discovery:discover_packages(ignore) using defaults
[0.187s] Level 1:colcon.colcon_core.package_discovery:discover_packages(path) discover
[0.187s] Level 1:colcon.colcon_core.package_discovery:discover_packages(path) using defaults
[0.201s] Level 1:colcon.colcon_core.package_discovery:discover_packages(prefix_path) check parameters
[0.202s] Level 1:colcon.colcon_core.package_discovery:discover_packages(prefix_path) discover
[0.211s] DEBUG:colcon.colcon_installed_package_information.package_discovery:Found 3 installed packages in /home/ubuntu/desktop/ros2_work/Adv_Sim/install
[0.212s] DEBUG:colcon.colcon_installed_package_information.package_discovery:Found 315 installed packages in /opt/ros/jazzy
[0.213s] Level 1:colcon.colcon_core.package_discovery:discover_packages(prefix_path) using defaults
[0.246s] Level 5:colcon.colcon_core.verb:set package 'py_pkg' build argument 'cmake_args' from command line to 'None'
[0.246s] Level 5:colcon.colcon_core.verb:set package 'py_pkg' build argument 'cmake_target' from command line to 'None'
[0.246s] Level 5:colcon.colcon_core.verb:set package 'py_pkg' build argument 'cmake_target_skip_unavailable' from command line to 'False'
[0.246s] Level 5:colcon.colcon_core.verb:set package 'py_pkg' build argument 'cmake_clean_cache' from command line to 'False'
[0.246s] Level 5:colcon.colcon_core.verb:set package 'py_pkg' build argument 'cmake_clean_first' from command line to 'False'
[0.247s] Level 5:colcon.colcon_core.verb:set package 'py_pkg' build argument 'cmake_force_configure' from command line to 'False'
[0.247s] Level 5:colcon.colcon_core.verb:set package 'py_pkg' build argument 'ament_cmake_args' from command line to 'None'
[0.247s] Level 5:colcon.colcon_core.verb:set package 'py_pkg' build argument 'catkin_cmake_args' from command line to 'None'
[0.247s] Level 5:colcon.colcon_core.verb:set package 'py_pkg' build argument 'catkin_skip_building_tests' from command line to 'False'
[0.247s] DEBUG:colcon.colcon_core.verb:Building package 'py_pkg' with the following arguments: {'ament_cmake_args': None, 'build_base': '/home/ubuntu/desktop/ros2_work/Adv_Sim/build/py_pkg', 'catkin_cmake_args': None, 'catkin_skip_building_tests': False, 'cmake_args': None, 'cmake_clean_cache': False, 'cmake_clean_first': False, 'cmake_force_configure': False, 'cmake_target': None, 'cmake_target_skip_unavailable': False, 'install_base': '/home/ubuntu/desktop/ros2_work/Adv_Sim/install/py_pkg', 'merge_install': False, 'path': '/home/ubuntu/desktop/ros2_work/Adv_Sim/src/py_pkg', 'symlink_install': False, 'test_result_base': None}
[0.248s] Level 5:colcon.colcon_core.verb:set package 'rov_sim' build argument 'cmake_args' from command line to 'None'
[0.248s] Level 5:colcon.colcon_core.verb:set package 'rov_sim' build argument 'cmake_target' from command line to 'None'
[0.248s] Level 5:colcon.colcon_core.verb:set package 'rov_sim' build argument 'cmake_target_skip_unavailable' from command line to 'False'
[0.248s] Level 5:colcon.colcon_core.verb:set package 'rov_sim' build argument 'cmake_clean_cache' from command line to 'False'
[0.248s] Level 5:colcon.colcon_core.verb:set package 'rov_sim' build argument 'cmake_clean_first' from command line to 'False'
[0.248s] Level 5:colcon.colcon_core.verb:set package 'rov_sim' build argument 'cmake_force_configure' from command line to 'False'
[0.248s] Level 5:colcon.colcon_core.verb:set package 'rov_sim' build argument 'ament_cmake_args' from command line to 'None'
[0.248s] Level 5:colcon.colcon_core.verb:set package 'rov_sim' build argument 'catkin_cmake_args' from command line to 'None'
[0.248s] Level 5:colcon.colcon_core.verb:set package 'rov_sim' build argument 'catkin_skip_building_tests' from command line to 'False'
[0.249s] DEBUG:colcon.colcon_core.verb:Building package 'rov_sim' with the following arguments: {'ament_cmake_args': None, 'build_base': '/home/ubuntu/desktop/ros2_work/Adv_Sim/build/rov_sim', 'catkin_cmake_args': None, 'catkin_skip_building_tests': False, 'cmake_args': None, 'cmake_clean_cache': False, 'cmake_clean_first': False, 'cmake_force_configure': False, 'cmake_target': None, 'cmake_target_skip_unavailable': False, 'install_base': '/home/ubuntu/desktop/ros2_work/Adv_Sim/install/rov_sim', 'merge_install': False, 'path': '/home/ubuntu/desktop/ros2_work/Adv_Sim/src/rov_sim', 'symlink_install': False, 'test_result_base': None}
[0.249s] Level 5:colcon.colcon_core.verb:set package 'sim_launch' build argument 'cmake_args' from command line to 'None'
[0.249s] Level 5:colcon.colcon_core.verb:set package 'sim_launch' build argument 'cmake_target' from command line to 'None'
[0.249s] Level 5:colcon.colcon_core.verb:set package 'sim_launch' build argument 'cmake_target_skip_unavailable' from command line to 'False'
[0.249s] Level 5:colcon.colcon_core.verb:set package 'sim_launch' build argument 'cmake_clean_cache' from command line to 'False'
[0.249s] Level 5:colcon.colcon_core.verb:set package 'sim_launch' build argument 'cmake_clean_first' from command line to 'False'
[0.249s] Level 5:colcon.colcon_core.verb:set package 'sim_launch' build argument 'cmake_force_configure' from command line to 'False'
[0.249s] Level 5:colcon.colcon_core.verb:set package 'sim_launch' build argument 'ament_cmake_args' from command line to 'None'
[0.249s] Level 5:colcon.colcon_core.verb:set package 'sim_launch' build argument 'catkin_cmake_args' from command line to 'None'
[0.250s] Level 5:colcon.colcon_core.verb:set package 'sim_launch' build argument 'catkin_skip_building_tests' from command line to 'False'
[0.250s] DEBUG:colcon.colcon_core.verb:Building package 'sim_launch' with the following arguments: {'ament_cmake_args': None, 'build_base': '/home/ubuntu/desktop/ros2_work/Adv_Sim/build/sim_launch', 'catkin_cmake_args': None, 'catkin_skip_building_tests': False, 'cmake_args': None, 'cmake_clean_cache': False, 'cmake_clean_first': False, 'cmake_force_configure': False, 'cmake_target': None, 'cmake_target_skip_unavailable': False, 'install_base': '/home/ubuntu/desktop/ros2_work/Adv_Sim/install/sim_launch', 'merge_install': False, 'path': '/home/ubuntu/desktop/ros2_work/Adv_Sim/src/sim_launch', 'symlink_install': False, 'test_result_base': None}
[0.250s] INFO:colcon.colcon_core.executor:Executing jobs using 'parallel' executor
[0.251s] DEBUG:colcon.colcon_parallel_executor.executor.parallel:run_until_complete
[0.251s] INFO:colcon.colcon_ros.task.ament_python.build:Building ROS package in '/home/ubuntu/desktop/ros2_work/Adv_Sim/src/py_pkg' with build type 'ament_python'
[0.251s] Level 1:colcon.colcon_core.shell:create_environment_hook('py_pkg', 'ament_prefix_path')
[0.254s] INFO:colcon.colcon_core.plugin_system:Skipping extension 'colcon_core.shell.bat': Not used on non-Windows systems
[0.255s] INFO:colcon.colcon_core.shell:Creating environment hook '/home/ubuntu/desktop/ros2_work/Adv_Sim/install/py_pkg/share/py_pkg/hook/ament_prefix_path.ps1'
[0.257s] INFO:colcon.colcon_core.shell:Creating environment descriptor '/home/ubuntu/desktop/ros2_work/Adv_Sim/install/py_pkg/share/py_pkg/hook/ament_prefix_path.dsv'
[0.259s] INFO:colcon.colcon_core.shell:Creating environment hook '/home/ubuntu/desktop/ros2_work/Adv_Sim/install/py_pkg/share/py_pkg/hook/ament_prefix_path.sh'
[0.262s] INFO:colcon.colcon_core.shell:Skip shell extension 'powershell' for command environment: Not usable outside of PowerShell
[0.262s] DEBUG:colcon.colcon_core.shell:Skip shell extension 'dsv' for command environment
[0.274s] INFO:colcon.colcon_ros.task.ament_cmake.build:Building ROS package in '/home/ubuntu/desktop/ros2_work/Adv_Sim/src/rov_sim' with build type 'ament_cmake'
[0.274s] INFO:colcon.colcon_cmake.task.cmake.build:Building CMake package in '/home/ubuntu/desktop/ros2_work/Adv_Sim/src/rov_sim'
[0.274s] INFO:colcon.colcon_core.shell:Skip shell extension 'powershell' for command environment: Not usable outside of PowerShell
[0.275s] DEBUG:colcon.colcon_core.shell:Skip shell extension 'dsv' for command environment
[0.286s] INFO:colcon.colcon_ros.task.ament_python.build:Building ROS package in '/home/ubuntu/desktop/ros2_work/Adv_Sim/src/sim_launch' with build type 'ament_python'
[0.286s] Level 1:colcon.colcon_core.shell:create_environment_hook('sim_launch', 'ament_prefix_path')
[0.287s] INFO:colcon.colcon_core.shell:Creating environment hook '/home/ubuntu/desktop/ros2_work/Adv_Sim/install/sim_launch/share/sim_launch/hook/ament_prefix_path.ps1'
[0.289s] INFO:colcon.colcon_core.shell:Creating environment descriptor '/home/ubuntu/desktop/ros2_work/Adv_Sim/install/sim_launch/share/sim_launch/hook/ament_prefix_path.dsv'
[0.290s] INFO:colcon.colcon_core.shell:Creating environment hook '/home/ubuntu/desktop/ros2_work/Adv_Sim/install/sim_launch/share/sim_launch/hook/ament_prefix_path.sh'
[0.292s] INFO:colcon.colcon_core.shell:Skip shell extension 'powershell' for command environment: Not usable outside of PowerShell
[0.292s] DEBUG:colcon.colcon_core.shell:Skip shell extension 'dsv' for command environment
[0.492s] INFO:colcon.colcon_core.task.python.build:Building Python package in '/home/ubuntu/desktop/ros2_work/Adv_Sim/src/py_pkg'
[0.493s] INFO:colcon.colcon_core.shell:Skip shell extension 'powershell' for command environment: Not usable outside of PowerShell
[0.493s] DEBUG:colcon.colcon_core.shell:Skip shell extension 'dsv' for command environment
[0.513s] DEBUG:colcon.colcon_core.event_handler.log_command:Invoking command in '/home/ubuntu/desktop/ros2_work/Adv_Sim/build/rov_sim': CMAKE_PREFIX_PATH=${CMAKE_PREFIX_PATH}:/home/ubuntu/desktop/ros2_work/Adv_Sim/install/sim_launch:/home/ubuntu/desktop/ros2_work/Adv_Sim/install/py_pkg:/opt/ros/jazzy /usr/bin/cmake /home/ubuntu/desktop/ros2_work/Adv_Sim/src/rov_sim -DCMAKE_INSTALL_PREFIX=/home/ubuntu/desktop/ros2_work/Adv_Sim/install/rov_sim
[0.716s] INFO:colcon.colcon_core.task.python.build:Building Python package in '/home/ubuntu/desktop/ros2_work/Adv_Sim/src/sim_launch'
[0.717s] INFO:colcon.colcon_core.shell:Skip shell extension 'powershell' for command environment: Not usable outside of PowerShell
[0.717s] DEBUG:colcon.colcon_core.shell:Skip shell extension 'dsv' for command environment
[1.232s] DEBUG:colcon.colcon_core.event_handler.log_command:Invoking command in '/home/ubuntu/desktop/ros2_work/Adv_Sim/build/py_pkg': PYTHONPATH=/home/ubuntu/desktop/ros2_work/Adv_Sim/build/py_pkg/prefix_override:/usr/lib/python3/dist-packages/colcon_core/task/python/colcon_distutils_commands:/home/ubuntu/desktop/ros2_work/Adv_Sim/install/py_pkg/lib/python3.12/site-packages:${PYTHONPATH} /usr/bin/python3 -W ignore:setup.py install is deprecated -W ignore:easy_install command is deprecated setup.py develop --uninstall --editable --build-directory /home/ubuntu/desktop/ros2_work/Adv_Sim/build/py_pkg/build
[1.249s] DEBUG:colcon.colcon_core.event_handler.log_command:Invoking command in '/home/ubuntu/desktop/ros2_work/Adv_Sim/build/sim_launch': PYTHONPATH=/home/ubuntu/desktop/ros2_work/Adv_Sim/build/sim_launch/prefix_override:/usr/lib/python3/dist-packages/colcon_core/task/python/colcon_distutils_commands:/home/ubuntu/desktop/ros2_work/Adv_Sim/install/sim_launch/lib/python3.12/site-packages:${PYTHONPATH} /usr/bin/python3 -W ignore:setup.py install is deprecated -W ignore:easy_install command is deprecated setup.py develop --uninstall --editable --build-directory /home/ubuntu/desktop/ros2_work/Adv_Sim/build/sim_launch/build
[1.253s] DEBUG:colcon.colcon_core.event_handler.log_command:Invoked command in '/home/ubuntu/desktop/ros2_work/Adv_Sim/build/rov_sim' returned '0': CMAKE_PREFIX_PATH=${CMAKE_PREFIX_PATH}:/home/ubuntu/desktop/ros2_work/Adv_Sim/install/sim_launch:/home/ubuntu/desktop/ros2_work/Adv_Sim/install/py_pkg:/opt/ros/jazzy /usr/bin/cmake /home/ubuntu/desktop/ros2_work/Adv_Sim/src/rov_sim -DCMAKE_INSTALL_PREFIX=/home/ubuntu/desktop/ros2_work/Adv_Sim/install/rov_sim
[1.255s] DEBUG:colcon.colcon_core.event_handler.log_command:Invoking command in '/home/ubuntu/desktop/ros2_work/Adv_Sim/build/rov_sim': CMAKE_PREFIX_PATH=${CMAKE_PREFIX_PATH}:/home/ubuntu/desktop/ros2_work/Adv_Sim/install/sim_launch:/home/ubuntu/desktop/ros2_work/Adv_Sim/install/py_pkg:/opt/ros/jazzy /usr/bin/cmake --build /home/ubuntu/desktop/ros2_work/Adv_Sim/build/rov_sim -- -j10 -l10
[1.339s] DEBUG:colcon.colcon_core.event_handler.log_command:Invoked command in '/home/ubuntu/desktop/ros2_work/Adv_Sim/build/rov_sim' returned '0': CMAKE_PREFIX_PATH=${CMAKE_PREFIX_PATH}:/home/ubuntu/desktop/ros2_work/Adv_Sim/install/sim_launch:/home/ubuntu/desktop/ros2_work/Adv_Sim/install/py_pkg:/opt/ros/jazzy /usr/bin/cmake --build /home/ubuntu/desktop/ros2_work/Adv_Sim/build/rov_sim -- -j10 -l10
[1.353s] DEBUG:colcon.colcon_core.event_handler.log_command:Invoking command in '/home/ubuntu/desktop/ros2_work/Adv_Sim/build/rov_sim': CMAKE_PREFIX_PATH=${CMAKE_PREFIX_PATH}:/home/ubuntu/desktop/ros2_work/Adv_Sim/install/sim_launch:/home/ubuntu/desktop/ros2_work/Adv_Sim/install/py_pkg:/opt/ros/jazzy /usr/bin/cmake --install /home/ubuntu/desktop/ros2_work/Adv_Sim/build/rov_sim
[1.442s] Level 1:colcon.colcon_core.environment:create_environment_scripts_only(rov_sim)
[1.444s] DEBUG:colcon.colcon_core.event_handler.log_command:Invoked command in '/home/ubuntu/desktop/ros2_work/Adv_Sim/build/rov_sim' returned '0': CMAKE_PREFIX_PATH=${CMAKE_PREFIX_PATH}:/home/ubuntu/desktop/ros2_work/Adv_Sim/install/sim_launch:/home/ubuntu/desktop/ros2_work/Adv_Sim/install/py_pkg:/opt/ros/jazzy /usr/bin/cmake --install /home/ubuntu/desktop/ros2_work/Adv_Sim/build/rov_sim
[1.446s] Level 1:colcon.colcon_core.environment:checking '/home/ubuntu/desktop/ros2_work/Adv_Sim/install/rov_sim' for CMake module files
[1.470s] Level 1:colcon.colcon_core.environment:checking '/home/ubuntu/desktop/ros2_work/Adv_Sim/install/rov_sim' for CMake config files
[1.490s] Level 1:colcon.colcon_core.shell:create_environment_hook('rov_sim', 'cmake_prefix_path')
[1.490s] INFO:colcon.colcon_core.shell:Creating environment hook '/home/ubuntu/desktop/ros2_work/Adv_Sim/install/rov_sim/share/rov_sim/hook/cmake_prefix_path.ps1'
[1.494s] INFO:colcon.colcon_core.shell:Creating environment descriptor '/home/ubuntu/desktop/ros2_work/Adv_Sim/install/rov_sim/share/rov_sim/hook/cmake_prefix_path.dsv'
[1.496s] INFO:colcon.colcon_core.shell:Creating environment hook '/home/ubuntu/desktop/ros2_work/Adv_Sim/install/rov_sim/share/rov_sim/hook/cmake_prefix_path.sh'
[1.499s] Level 1:colcon.colcon_core.environment:checking '/home/ubuntu/desktop/ros2_work/Adv_Sim/install/rov_sim/bin'
[1.499s] Level 1:colcon.colcon_core.environment:checking '/home/ubuntu/desktop/ros2_work/Adv_Sim/install/rov_sim/lib/pkgconfig/rov_sim.pc'
[1.502s] Level 1:colcon.colcon_core.environment:checking '/home/ubuntu/desktop/ros2_work/Adv_Sim/install/rov_sim/lib/python3.12/site-packages'
[1.504s] Level 1:colcon.colcon_core.environment:checking '/home/ubuntu/desktop/ros2_work/Adv_Sim/install/rov_sim/bin'
[1.506s] INFO:colcon.colcon_core.shell:Creating package script '/home/ubuntu/desktop/ros2_work/Adv_Sim/install/rov_sim/share/rov_sim/package.ps1'
[1.508s] INFO:colcon.colcon_core.shell:Creating package descriptor '/home/ubuntu/desktop/ros2_work/Adv_Sim/install/rov_sim/share/rov_sim/package.dsv'
[1.510s] INFO:colcon.colcon_core.shell:Creating package script '/home/ubuntu/desktop/ros2_work/Adv_Sim/install/rov_sim/share/rov_sim/package.sh'
[1.515s] INFO:colcon.colcon_core.shell:Creating package script '/home/ubuntu/desktop/ros2_work/Adv_Sim/install/rov_sim/share/rov_sim/package.bash'
[1.517s] INFO:colcon.colcon_core.shell:Creating package script '/home/ubuntu/desktop/ros2_work/Adv_Sim/install/rov_sim/share/rov_sim/package.zsh'
[1.519s] Level 1:colcon.colcon_core.environment:create_file_with_runtime_dependencies(/home/ubuntu/desktop/ros2_work/Adv_Sim/install/rov_sim/share/colcon-core/packages/rov_sim)
[1.527s] Level 1:colcon.colcon_core.environment:create_environment_scripts_only(rov_sim)
[1.527s] Level 1:colcon.colcon_core.environment:checking '/home/ubuntu/desktop/ros2_work/Adv_Sim/install/rov_sim' for CMake module files
[1.540s] Level 1:colcon.colcon_core.environment:checking '/home/ubuntu/desktop/ros2_work/Adv_Sim/install/rov_sim' for CMake config files
[1.549s] Level 1:colcon.colcon_core.shell:create_environment_hook('rov_sim', 'cmake_prefix_path')
[1.549s] INFO:colcon.colcon_core.shell:Creating environment hook '/home/ubuntu/desktop/ros2_work/Adv_Sim/install/rov_sim/share/rov_sim/hook/cmake_prefix_path.ps1'
[1.550s] INFO:colcon.colcon_core.shell:Creating environment descriptor '/home/ubuntu/desktop/ros2_work/Adv_Sim/install/rov_sim/share/rov_sim/hook/cmake_prefix_path.dsv'
[1.551s] INFO:colcon.colcon_core.shell:Creating environment hook '/home/ubuntu/desktop/ros2_work/Adv_Sim/install/rov_sim/share/rov_sim/hook/cmake_prefix_path.sh'
[1.554s] Level 1:colcon.colcon_core.environment:checking '/home/ubuntu/desktop/ros2_work/Adv_Sim/install/rov_sim/bin'
[1.555s] Level 1:colcon.colcon_core.environment:checking '/home/ubuntu/desktop/ros2_work/Adv_Sim/install/rov_sim/lib/pkgconfig/rov_sim.pc'
[1.555s] Level 1:colcon.colcon_core.environment:checking '/home/ubuntu/desktop/ros2_work/Adv_Sim/install/rov_sim/lib/python3.12/site-packages'
[1.557s] Level 1:colcon.colcon_core.environment:checking '/home/ubuntu/desktop/ros2_work/Adv_Sim/install/rov_sim/bin'
[1.558s] INFO:colcon.colcon_core.shell:Creating package script '/home/ubuntu/desktop/ros2_work/Adv_Sim/install/rov_sim/share/rov_sim/package.ps1'
[1.560s] INFO:colcon.colcon_core.shell:Creating package descriptor '/home/ubuntu/desktop/ros2_work/Adv_Sim/install/rov_sim/share/rov_sim/package.dsv'
[1.561s] INFO:colcon.colcon_core.shell:Creating package script '/home/ubuntu/desktop/ros2_work/Adv_Sim/install/rov_sim/share/rov_sim/package.sh'
[1.562s] INFO:colcon.colcon_core.shell:Creating package script '/home/ubuntu/desktop/ros2_work/Adv_Sim/install/rov_sim/share/rov_sim/package.bash'
[1.563s] INFO:colcon.colcon_core.shell:Creating package script '/home/ubuntu/desktop/ros2_work/Adv_Sim/install/rov_sim/share/rov_sim/package.zsh'
[1.568s] Level 1:colcon.colcon_core.environment:create_file_with_runtime_dependencies(/home/ubuntu/desktop/ros2_work/Adv_Sim/install/rov_sim/share/colcon-core/packages/rov_sim)
[1.790s] DEBUG:colcon.colcon_core.event_handler.log_command:Invoked command in '/home/ubuntu/desktop/ros2_work/Adv_Sim/build/py_pkg' returned '0': PYTHONPATH=/home/ubuntu/desktop/ros2_work/Adv_Sim/build/py_pkg/prefix_override:/usr/lib/python3/dist-packages/colcon_core/task/python/colcon_distutils_commands:/home/ubuntu/desktop/ros2_work/Adv_Sim/install/py_pkg/lib/python3.12/site-packages:${PYTHONPATH} /usr/bin/python3 -W ignore:setup.py install is deprecated -W ignore:easy_install command is deprecated setup.py develop --uninstall --editable --build-directory /home/ubuntu/desktop/ros2_work/Adv_Sim/build/py_pkg/build
[1.792s] DEBUG:colcon.colcon_core.event_handler.log_command:Invoking command in '/home/ubuntu/desktop/ros2_work/Adv_Sim/src/py_pkg': PYTHONPATH=/home/ubuntu/desktop/ros2_work/Adv_Sim/build/py_pkg/prefix_override:/usr/lib/python3/dist-packages/colcon_core/task/python/colcon_distutils_commands:/home/ubuntu/desktop/ros2_work/Adv_Sim/install/py_pkg/lib/python3.12/site-packages:${PYTHONPATH} /usr/bin/python3 -W ignore:setup.py install is deprecated -W ignore:easy_install command is deprecated setup.py egg_info --egg-base ../../build/py_pkg build --build-base /home/ubuntu/desktop/ros2_work/Adv_Sim/build/py_pkg/build install --record /home/ubuntu/desktop/ros2_work/Adv_Sim/build/py_pkg/install.log --single-version-externally-managed install_data --force
[1.826s] DEBUG:colcon.colcon_core.event_handler.log_command:Invoked command in '/home/ubuntu/desktop/ros2_work/Adv_Sim/build/sim_launch' returned '0': PYTHONPATH=/home/ubuntu/desktop/ros2_work/Adv_Sim/build/sim_launch/prefix_override:/usr/lib/python3/dist-packages/colcon_core/task/python/colcon_distutils_commands:/home/ubuntu/desktop/ros2_work/Adv_Sim/install/sim_launch/lib/python3.12/site-packages:${PYTHONPATH} /usr/bin/python3 -W ignore:setup.py install is deprecated -W ignore:easy_install command is deprecated setup.py develop --uninstall --editable --build-directory /home/ubuntu/desktop/ros2_work/Adv_Sim/build/sim_launch/build
[1.828s] DEBUG:colcon.colcon_core.event_handler.log_command:Invoking command in '/home/ubuntu/desktop/ros2_work/Adv_Sim/src/sim_launch': PYTHONPATH=/home/ubuntu/desktop/ros2_work/Adv_Sim/build/sim_launch/prefix_override:/usr/lib/python3/dist-packages/colcon_core/task/python/colcon_distutils_commands:/home/ubuntu/desktop/ros2_work/Adv_Sim/install/sim_launch/lib/python3.12/site-packages:${PYTHONPATH} /usr/bin/python3 -W ignore:setup.py install is deprecated -W ignore:easy_install command is deprecated setup.py egg_info --egg-base ../../build/sim_launch build --build-base /home/ubuntu/desktop/ros2_work/Adv_Sim/build/sim_launch/build install --record /home/ubuntu/desktop/ros2_work/Adv_Sim/build/sim_launch/install.log --single-version-externally-managed install_data --force
[2.335s] Level 1:colcon.colcon_core.environment:checking '/home/ubuntu/desktop/ros2_work/Adv_Sim/install/sim_launch' for CMake module files
[2.339s] DEBUG:colcon.colcon_core.event_handler.log_command:Invoked command in '/home/ubuntu/desktop/ros2_work/Adv_Sim/src/sim_launch' returned '0': PYTHONPATH=/home/ubuntu/desktop/ros2_work/Adv_Sim/build/sim_launch/prefix_override:/usr/lib/python3/dist-packages/colcon_core/task/python/colcon_distutils_commands:/home/ubuntu/desktop/ros2_work/Adv_Sim/install/sim_launch/lib/python3.12/site-packages:${PYTHONPATH} /usr/bin/python3 -W ignore:setup.py install is deprecated -W ignore:easy_install command is deprecated setup.py egg_info --egg-base ../../build/sim_launch build --build-base /home/ubuntu/desktop/ros2_work/Adv_Sim/build/sim_launch/build install --record /home/ubuntu/desktop/ros2_work/Adv_Sim/build/sim_launch/install.log --single-version-externally-managed install_data --force
[2.344s] Level 1:colcon.colcon_core.environment:checking '/home/ubuntu/desktop/ros2_work/Adv_Sim/install/sim_launch' for CMake config files
[2.353s] Level 1:colcon.colcon_core.environment:checking '/home/ubuntu/desktop/ros2_work/Adv_Sim/install/sim_launch/lib'
[2.354s] Level 1:colcon.colcon_core.environment:checking '/home/ubuntu/desktop/ros2_work/Adv_Sim/install/sim_launch/bin'
[2.354s] Level 1:colcon.colcon_core.environment:checking '/home/ubuntu/desktop/ros2_work/Adv_Sim/install/sim_launch/lib/pkgconfig/sim_launch.pc'
[2.354s] Level 1:colcon.colcon_core.environment:checking '/home/ubuntu/desktop/ros2_work/Adv_Sim/install/sim_launch/lib/python3.12/site-packages'
[2.355s] Level 1:colcon.colcon_core.shell:create_environment_hook('sim_launch', 'pythonpath')
[2.355s] INFO:colcon.colcon_core.shell:Creating environment hook '/home/ubuntu/desktop/ros2_work/Adv_Sim/install/sim_launch/share/sim_launch/hook/pythonpath.ps1'
[2.356s] INFO:colcon.colcon_core.shell:Creating environment descriptor '/home/ubuntu/desktop/ros2_work/Adv_Sim/install/sim_launch/share/sim_launch/hook/pythonpath.dsv'
[2.359s] INFO:colcon.colcon_core.shell:Creating environment hook '/home/ubuntu/desktop/ros2_work/Adv_Sim/install/sim_launch/share/sim_launch/hook/pythonpath.sh'
[2.361s] Level 1:colcon.colcon_core.environment:checking '/home/ubuntu/desktop/ros2_work/Adv_Sim/install/sim_launch/bin'
[2.361s] Level 1:colcon.colcon_core.environment:create_environment_scripts_only(sim_launch)
[2.361s] INFO:colcon.colcon_core.shell:Creating package script '/home/ubuntu/desktop/ros2_work/Adv_Sim/install/sim_launch/share/sim_launch/package.ps1'
[2.363s] INFO:colcon.colcon_core.shell:Creating package descriptor '/home/ubuntu/desktop/ros2_work/Adv_Sim/install/sim_launch/share/sim_launch/package.dsv'
[2.364s] INFO:colcon.colcon_core.shell:Creating package script '/home/ubuntu/desktop/ros2_work/Adv_Sim/install/sim_launch/share/sim_launch/package.sh'
[2.365s] INFO:colcon.colcon_core.shell:Creating package script '/home/ubuntu/desktop/ros2_work/Adv_Sim/install/sim_launch/share/sim_launch/package.bash'
[2.366s] INFO:colcon.colcon_core.shell:Creating package script '/home/ubuntu/desktop/ros2_work/Adv_Sim/install/sim_launch/share/sim_launch/package.zsh'
[2.368s] Level 1:colcon.colcon_core.environment:create_file_with_runtime_dependencies(/home/ubuntu/desktop/ros2_work/Adv_Sim/install/sim_launch/share/colcon-core/packages/sim_launch)
[2.371s] Level 1:colcon.colcon_core.environment:checking '/home/ubuntu/desktop/ros2_work/Adv_Sim/install/py_pkg' for CMake module files
[2.373s] DEBUG:colcon.colcon_core.event_handler.log_command:Invoked command in '/home/ubuntu/desktop/ros2_work/Adv_Sim/src/py_pkg' returned '0': PYTHONPATH=/home/ubuntu/desktop/ros2_work/Adv_Sim/build/py_pkg/prefix_override:/usr/lib/python3/dist-packages/colcon_core/task/python/colcon_distutils_commands:/home/ubuntu/desktop/ros2_work/Adv_Sim/install/py_pkg/lib/python3.12/site-packages:${PYTHONPATH} /usr/bin/python3 -W ignore:setup.py install is deprecated -W ignore:easy_install command is deprecated setup.py egg_info --egg-base ../../build/py_pkg build --build-base /home/ubuntu/desktop/ros2_work/Adv_Sim/build/py_pkg/build install --record /home/ubuntu/desktop/ros2_work/Adv_Sim/build/py_pkg/install.log --single-version-externally-managed install_data --force
[2.378s] Level 1:colcon.colcon_core.environment:checking '/home/ubuntu/desktop/ros2_work/Adv_Sim/install/py_pkg' for CMake config files
[2.391s] Level 1:colcon.colcon_core.environment:checking '/home/ubuntu/desktop/ros2_work/Adv_Sim/install/py_pkg/lib'
[2.391s] Level 1:colcon.colcon_core.environment:checking '/home/ubuntu/desktop/ros2_work/Adv_Sim/install/py_pkg/bin'
[2.392s] Level 1:colcon.colcon_core.environment:checking '/home/ubuntu/desktop/ros2_work/Adv_Sim/install/py_pkg/lib/pkgconfig/py_pkg.pc'
[2.392s] Level 1:colcon.colcon_core.environment:checking '/home/ubuntu/desktop/ros2_work/Adv_Sim/install/py_pkg/lib/python3.12/site-packages'
[2.392s] Level 1:colcon.colcon_core.shell:create_environment_hook('py_pkg', 'pythonpath')
[2.392s] INFO:colcon.colcon_core.shell:Creating environment hook '/home/ubuntu/desktop/ros2_work/Adv_Sim/install/py_pkg/share/py_pkg/hook/pythonpath.ps1'
[2.393s] INFO:colcon.colcon_core.shell:Creating environment descriptor '/home/ubuntu/desktop/ros2_work/Adv_Sim/install/py_pkg/share/py_pkg/hook/pythonpath.dsv'
[2.394s] INFO:colcon.colcon_core.shell:Creating environment hook '/home/ubuntu/desktop/ros2_work/Adv_Sim/install/py_pkg/share/py_pkg/hook/pythonpath.sh'
[2.398s] Level 1:colcon.colcon_core.environment:checking '/home/ubuntu/desktop/ros2_work/Adv_Sim/install/py_pkg/bin'
[2.398s] Level 1:colcon.colcon_core.environment:create_environment_scripts_only(py_pkg)
[2.398s] INFO:colcon.colcon_core.shell:Creating package script '/home/ubuntu/desktop/ros2_work/Adv_Sim/install/py_pkg/share/py_pkg/package.ps1'
[2.399s] INFO:colcon.colcon_core.shell:Creating package descriptor '/home/ubuntu/desktop/ros2_work/Adv_Sim/install/py_pkg/share/py_pkg/package.dsv'
[2.400s] INFO:colcon.colcon_core.shell:Creating package script '/home/ubuntu/desktop/ros2_work/Adv_Sim/install/py_pkg/share/py_pkg/package.sh'
[2.400s] INFO:colcon.colcon_core.shell:Creating package script '/home/ubuntu/desktop/ros2_work/Adv_Sim/install/py_pkg/share/py_pkg/package.bash'
[2.401s] INFO:colcon.colcon_core.shell:Creating package script '/home/ubuntu/desktop/ros2_work/Adv_Sim/install/py_pkg/share/py_pkg/package.zsh'
[2.402s] Level 1:colcon.colcon_core.environment:create_file_with_runtime_dependencies(/home/ubuntu/desktop/ros2_work/Adv_Sim/install/py_pkg/share/colcon-core/packages/py_pkg)
[2.403s] DEBUG:colcon.colcon_parallel_executor.executor.parallel:closing loop
[2.403s] DEBUG:colcon.colcon_parallel_executor.executor.parallel:loop closed
[2.406s] DEBUG:colcon.colcon_parallel_executor.executor.parallel:run_until_complete finished with '0'
[2.407s] DEBUG:colcon.colcon_core.event_reactor:joining thread
[2.420s] INFO:colcon.colcon_core.plugin_system:Skipping extension 'colcon_notification.desktop_notification.terminal_notifier': Not used on non-Darwin systems
[2.421s] INFO:colcon.colcon_core.plugin_system:Skipping extension 'colcon_notification.desktop_notification.win32': Not used on non-Windows systems
[2.421s] INFO:colcon.colcon_notification.desktop_notification:Sending desktop notification using 'notify2'
[2.558s] DEBUG:colcon.colcon_core.event_reactor:joined thread
[2.559s] INFO:colcon.colcon_core.shell:Creating prefix script '/home/ubuntu/desktop/ros2_work/Adv_Sim/install/local_setup.ps1'
[2.561s] INFO:colcon.colcon_core.shell:Creating prefix util module '/home/ubuntu/desktop/ros2_work/Adv_Sim/install/_local_setup_util_ps1.py'
[2.564s] INFO:colcon.colcon_core.shell:Creating prefix chain script '/home/ubuntu/desktop/ros2_work/Adv_Sim/install/setup.ps1'
[2.571s] INFO:colcon.colcon_core.shell:Creating prefix script '/home/ubuntu/desktop/ros2_work/Adv_Sim/install/local_setup.sh'
[2.573s] INFO:colcon.colcon_core.shell:Creating prefix util module '/home/ubuntu/desktop/ros2_work/Adv_Sim/install/_local_setup_util_sh.py'
[2.578s] INFO:colcon.colcon_core.shell:Creating prefix chain script '/home/ubuntu/desktop/ros2_work/Adv_Sim/install/setup.sh'
[2.586s] INFO:colcon.colcon_core.shell:Creating prefix script '/home/ubuntu/desktop/ros2_work/Adv_Sim/install/local_setup.bash'
[2.587s] INFO:colcon.colcon_core.shell:Creating prefix chain script '/home/ubuntu/desktop/ros2_work/Adv_Sim/install/setup.bash'
[2.594s] INFO:colcon.colcon_core.shell:Creating prefix script '/home/ubuntu/desktop/ros2_work/Adv_Sim/install/local_setup.zsh'
[2.596s] INFO:colcon.colcon_core.shell:Creating prefix chain script '/home/ubuntu/desktop/ros2_work/Adv_Sim/install/setup.zsh'
