[0.109s] Invoking command in '/home/ubuntu/desktop/ros2_work/Adv_Sim/build/rov_sim': CMAKE_PREFIX_PATH=${CMAKE_PREFIX_PATH}:/home/ubuntu/desktop/ros2_work/Adv_Sim/install/sim_launch:/home/ubuntu/desktop/ros2_work/Adv_Sim/install/py_pkg:/opt/ros/jazzy /usr/bin/cmake /home/ubuntu/desktop/ros2_work/Adv_Sim/src/rov_sim -DAMENT_CMAKE_SYMLINK_INSTALL=1 -DCMAKE_INSTALL_PREFIX=/home/ubuntu/desktop/ros2_work/Adv_Sim/install/rov_sim
[0.121s] -- Found ament_cmake: 2.5.4 (/opt/ros/jazzy/share/ament_cmake/cmake)
[0.252s] -- Override CMake install command with custom implementation using symlinks instead of copying resources
[0.264s] -- Found ament_lint_auto: 0.17.3 (/opt/ros/jazzy/share/ament_lint_auto/cmake)
[0.334s] -- Added test 'lint_cmake' to check CMake code style
[0.342s] -- Added test 'xmllint' to check XML markup files
[0.346s] -- Configuring done (0.2s)
[0.370s] -- Generating done (0.0s)
[0.380s] -- Build files have been written to: /home/ubuntu/desktop/ros2_work/Adv_Sim/build/rov_sim
[0.383s] Invoked command in '/home/ubuntu/desktop/ros2_work/Adv_Sim/build/rov_sim' returned '0': CMAKE_PREFIX_PATH=${CMAKE_PREFIX_PATH}:/home/ubuntu/desktop/ros2_work/Adv_Sim/install/sim_launch:/home/ubuntu/desktop/ros2_work/Adv_Sim/install/py_pkg:/opt/ros/jazzy /usr/bin/cmake /home/ubuntu/desktop/ros2_work/Adv_Sim/src/rov_sim -DAMENT_CMAKE_SYMLINK_INSTALL=1 -DCMAKE_INSTALL_PREFIX=/home/ubuntu/desktop/ros2_work/Adv_Sim/install/rov_sim
[0.384s] Invoking command in '/home/ubuntu/desktop/ros2_work/Adv_Sim/build/rov_sim': CMAKE_PREFIX_PATH=${CMAKE_PREFIX_PATH}:/home/ubuntu/desktop/ros2_work/Adv_Sim/install/sim_launch:/home/ubuntu/desktop/ros2_work/Adv_Sim/install/py_pkg:/opt/ros/jazzy /usr/bin/cmake --build /home/ubuntu/desktop/ros2_work/Adv_Sim/build/rov_sim -- -j10 -l10
[0.408s] Invoked command in '/home/ubuntu/desktop/ros2_work/Adv_Sim/build/rov_sim' returned '0': CMAKE_PREFIX_PATH=${CMAKE_PREFIX_PATH}:/home/ubuntu/desktop/ros2_work/Adv_Sim/install/sim_launch:/home/ubuntu/desktop/ros2_work/Adv_Sim/install/py_pkg:/opt/ros/jazzy /usr/bin/cmake --build /home/ubuntu/desktop/ros2_work/Adv_Sim/build/rov_sim -- -j10 -l10
[0.413s] Invoking command in '/home/ubuntu/desktop/ros2_work/Adv_Sim/build/rov_sim': CMAKE_PREFIX_PATH=${CMAKE_PREFIX_PATH}:/home/ubuntu/desktop/ros2_work/Adv_Sim/install/sim_launch:/home/ubuntu/desktop/ros2_work/Adv_Sim/install/py_pkg:/opt/ros/jazzy /usr/bin/cmake --install /home/ubuntu/desktop/ros2_work/Adv_Sim/build/rov_sim
[0.417s] -- Install configuration: ""
[0.418s] -- Execute custom install script
[0.419s] -- Up-to-date symlink: /home/ubuntu/desktop/ros2_work/Adv_Sim/install/rov_sim/share/rov_sim/urdf/omni_rov.urdf
[0.420s] -- Up-to-date symlink: /home/ubuntu/desktop/ros2_work/Adv_Sim/install/rov_sim/share/rov_sim/worlds/underwater.world
[0.420s] -- Up-to-date symlink: /home/ubuntu/desktop/ros2_work/Adv_Sim/install/rov_sim/share/ament_index/resource_index/package_run_dependencies/rov_sim
[0.421s] -- Up-to-date symlink: /home/ubuntu/desktop/ros2_work/Adv_Sim/install/rov_sim/share/ament_index/resource_index/parent_prefix_path/rov_sim
[0.421s] -- Up-to-date symlink: /home/ubuntu/desktop/ros2_work/Adv_Sim/install/rov_sim/share/rov_sim/environment/ament_prefix_path.sh
[0.422s] -- Up-to-date symlink: /home/ubuntu/desktop/ros2_work/Adv_Sim/install/rov_sim/share/rov_sim/environment/ament_prefix_path.dsv
[0.422s] -- Up-to-date symlink: /home/ubuntu/desktop/ros2_work/Adv_Sim/install/rov_sim/share/rov_sim/environment/path.sh
[0.423s] -- Up-to-date symlink: /home/ubuntu/desktop/ros2_work/Adv_Sim/install/rov_sim/share/rov_sim/environment/path.dsv
[0.423s] -- Up-to-date symlink: /home/ubuntu/desktop/ros2_work/Adv_Sim/install/rov_sim/share/rov_sim/local_setup.bash
[0.424s] -- Up-to-date symlink: /home/ubuntu/desktop/ros2_work/Adv_Sim/install/rov_sim/share/rov_sim/local_setup.sh
[0.424s] -- Up-to-date symlink: /home/ubuntu/desktop/ros2_work/Adv_Sim/install/rov_sim/share/rov_sim/local_setup.zsh
[0.425s] -- Up-to-date symlink: /home/ubuntu/desktop/ros2_work/Adv_Sim/install/rov_sim/share/rov_sim/local_setup.dsv
[0.425s] -- Symlinking: /home/ubuntu/desktop/ros2_work/Adv_Sim/install/rov_sim/share/rov_sim/package.dsv
[0.431s] -- Up-to-date symlink: /home/ubuntu/desktop/ros2_work/Adv_Sim/install/rov_sim/share/ament_index/resource_index/packages/rov_sim
[0.431s] -- Up-to-date symlink: /home/ubuntu/desktop/ros2_work/Adv_Sim/install/rov_sim/share/rov_sim/cmake/rov_simConfig.cmake
[0.432s] -- Up-to-date symlink: /home/ubuntu/desktop/ros2_work/Adv_Sim/install/rov_sim/share/rov_sim/cmake/rov_simConfig-version.cmake
[0.432s] -- Up-to-date symlink: /home/ubuntu/desktop/ros2_work/Adv_Sim/install/rov_sim/share/rov_sim/package.xml
[0.433s] Invoked command in '/home/ubuntu/desktop/ros2_work/Adv_Sim/build/rov_sim' returned '0': CMAKE_PREFIX_PATH=${CMAKE_PREFIX_PATH}:/home/ubuntu/desktop/ros2_work/Adv_Sim/install/sim_launch:/home/ubuntu/desktop/ros2_work/Adv_Sim/install/py_pkg:/opt/ros/jazzy /usr/bin/cmake --install /home/ubuntu/desktop/ros2_work/Adv_Sim/build/rov_sim
