[0.541s] Invoking command in '/home/ubuntu/desktop/ros2_work/Adv_Sim/build/py_pkg': PYTHONPATH=/home/ubuntu/desktop/ros2_work/Adv_Sim/build/py_pkg/prefix_override:/usr/lib/python3/dist-packages/colcon_core/task/python/colcon_distutils_commands:/home/ubuntu/desktop/ros2_work/Adv_Sim/install/py_pkg/lib/python3.12/site-packages:${PYTHONPATH} /usr/bin/python3 -W ignore:setup.py install is deprecated -W ignore:easy_install command is deprecated setup.py develop --uninstall --editable --build-directory /home/ubuntu/desktop/ros2_work/Adv_Sim/build/py_pkg/build
[0.677s] running develop
[0.774s] Removing /home/ubuntu/desktop/ros2_work/Adv_Sim/install/py_pkg/lib/python3.12/site-packages/py-pkg.egg-link (link to .)
[0.775s] Link points to ['/home/ubuntu/desktop/ros2_work/Adv_Sim/build/py_pkg', '.']: uninstall aborted
[0.792s] Invoked command in '/home/ubuntu/desktop/ros2_work/Adv_Sim/build/py_pkg' returned '0': PYTHONPATH=/home/ubuntu/desktop/ros2_work/Adv_Sim/build/py_pkg/prefix_override:/usr/lib/python3/dist-packages/colcon_core/task/python/colcon_distutils_commands:/home/ubuntu/desktop/ros2_work/Adv_Sim/install/py_pkg/lib/python3.12/site-packages:${PYTHONPATH} /usr/bin/python3 -W ignore:setup.py install is deprecated -W ignore:easy_install command is deprecated setup.py develop --uninstall --editable --build-directory /home/ubuntu/desktop/ros2_work/Adv_Sim/build/py_pkg/build
[0.793s] Invoking command in '/home/ubuntu/desktop/ros2_work/Adv_Sim/src/py_pkg': PYTHONPATH=/home/ubuntu/desktop/ros2_work/Adv_Sim/build/py_pkg/prefix_override:/usr/lib/python3/dist-packages/colcon_core/task/python/colcon_distutils_commands:/home/ubuntu/desktop/ros2_work/Adv_Sim/install/py_pkg/lib/python3.12/site-packages:${PYTHONPATH} /usr/bin/python3 -W ignore:setup.py install is deprecated -W ignore:easy_install command is deprecated setup.py egg_info --egg-base ../../build/py_pkg build --build-base /home/ubuntu/desktop/ros2_work/Adv_Sim/build/py_pkg/build install --record /home/ubuntu/desktop/ros2_work/Adv_Sim/build/py_pkg/install.log --single-version-externally-managed install_data --force
[0.910s] running egg_info
[0.917s] writing ../../build/py_pkg/py_pkg.egg-info/PKG-INFO
[0.917s] writing dependency_links to ../../build/py_pkg/py_pkg.egg-info/dependency_links.txt
[0.918s] writing entry points to ../../build/py_pkg/py_pkg.egg-info/entry_points.txt
[0.918s] writing requirements to ../../build/py_pkg/py_pkg.egg-info/requires.txt
[0.918s] writing top-level names to ../../build/py_pkg/py_pkg.egg-info/top_level.txt
[0.932s] reading manifest file '../../build/py_pkg/py_pkg.egg-info/SOURCES.txt'
[0.933s] writing manifest file '../../build/py_pkg/py_pkg.egg-info/SOURCES.txt'
[0.933s] running build
[0.934s] running build_py
[0.934s] copying py_pkg/motor_output.py -> /home/ubuntu/desktop/ros2_work/Adv_Sim/build/py_pkg/build/lib/py_pkg
[0.935s] running install
[0.938s] running install_lib
[0.946s] creating /home/ubuntu/desktop/ros2_work/Adv_Sim/install/py_pkg/lib/python3.12/site-packages/py_pkg
[0.947s] copying /home/ubuntu/desktop/ros2_work/Adv_Sim/build/py_pkg/build/lib/py_pkg/keyboard_input.py -> /home/ubuntu/desktop/ros2_work/Adv_Sim/install/py_pkg/lib/python3.12/site-packages/py_pkg
[0.947s] copying /home/ubuntu/desktop/ros2_work/Adv_Sim/build/py_pkg/build/lib/py_pkg/__init__.py -> /home/ubuntu/desktop/ros2_work/Adv_Sim/install/py_pkg/lib/python3.12/site-packages/py_pkg
[0.948s] copying /home/ubuntu/desktop/ros2_work/Adv_Sim/build/py_pkg/build/lib/py_pkg/motor_output.py -> /home/ubuntu/desktop/ros2_work/Adv_Sim/install/py_pkg/lib/python3.12/site-packages/py_pkg
[0.949s] byte-compiling /home/ubuntu/desktop/ros2_work/Adv_Sim/install/py_pkg/lib/python3.12/site-packages/py_pkg/keyboard_input.py to keyboard_input.cpython-312.pyc
[0.951s] byte-compiling /home/ubuntu/desktop/ros2_work/Adv_Sim/install/py_pkg/lib/python3.12/site-packages/py_pkg/__init__.py to __init__.cpython-312.pyc
[0.952s] byte-compiling /home/ubuntu/desktop/ros2_work/Adv_Sim/install/py_pkg/lib/python3.12/site-packages/py_pkg/motor_output.py to motor_output.cpython-312.pyc
[0.953s] running install_data
[0.954s] copying resource/py_pkg -> /home/ubuntu/desktop/ros2_work/Adv_Sim/install/py_pkg/share/ament_index/resource_index/packages
[0.955s] copying package.xml -> /home/ubuntu/desktop/ros2_work/Adv_Sim/install/py_pkg/share/py_pkg
[0.956s] running install_egg_info
[0.964s] Copying ../../build/py_pkg/py_pkg.egg-info to /home/ubuntu/desktop/ros2_work/Adv_Sim/install/py_pkg/lib/python3.12/site-packages/py_pkg-0.0.0-py3.12.egg-info
[0.969s] running install_scripts
[1.028s] Installing keyboard_input script to /home/ubuntu/desktop/ros2_work/Adv_Sim/install/py_pkg/lib/py_pkg
[1.029s] Installing reciever script to /home/ubuntu/desktop/ros2_work/Adv_Sim/install/py_pkg/lib/py_pkg
[1.029s] writing list of installed files to '/home/ubuntu/desktop/ros2_work/Adv_Sim/build/py_pkg/install.log'
[1.043s] Invoked command in '/home/ubuntu/desktop/ros2_work/Adv_Sim/src/py_pkg' returned '0': PYTHONPATH=/home/ubuntu/desktop/ros2_work/Adv_Sim/build/py_pkg/prefix_override:/usr/lib/python3/dist-packages/colcon_core/task/python/colcon_distutils_commands:/home/ubuntu/desktop/ros2_work/Adv_Sim/install/py_pkg/lib/python3.12/site-packages:${PYTHONPATH} /usr/bin/python3 -W ignore:setup.py install is deprecated -W ignore:easy_install command is deprecated setup.py egg_info --egg-base ../../build/py_pkg build --build-base /home/ubuntu/desktop/ros2_work/Adv_Sim/build/py_pkg/build install --record /home/ubuntu/desktop/ros2_work/Adv_Sim/build/py_pkg/install.log --single-version-externally-managed install_data --force
